[ 2015-06-23T12:54:41+08:00 ] 127.0.0.1 /Xitong/
INFO: [ app_init ] --START--
INFO: Run Behavior\BuildLiteBehavior [ RunTime:0.000014s ]
INFO: [ app_init ] --END-- [ RunTime:0.000101s ]
INFO: [ app_begin ] --START--
INFO: Run Behavior\ReadHtmlCacheBehavior [ RunTime:0.000048s ]
INFO: [ app_begin ] --END-- [ RunTime:0.000094s ]

[ 2015-06-23T12:54:41+08:00 ] 127.0.0.1 /Xitong/index.php/Comments/comments.html
INFO: [ app_init ] --START--
INFO: Run Behavior\BuildLiteBehavior [ RunTime:0.000014s ]
INFO: [ app_init ] --END-- [ RunTime:0.000091s ]
INFO: [ app_begin ] --START--
INFO: Run Behavior\ReadHtmlCacheBehavior [ RunTime:0.000048s ]
INFO: [ app_begin ] --END-- [ RunTime:0.000102s ]
NOTIC: [4096] Object of class Home\Controller\CommentsController could not be converted to string /var/www/Xitong/Application/Home/Controller/CommentsController.class.php 第 29 行.
SQL: SHOW COLUMNS FROM `books` [ RunTime:0.0006s ]
SQL: SELECT * FROM `books` WHERE `id` = 1 LIMIT 1   [ RunTime:0.0002s ]
SQL: SHOW COLUMNS FROM `comments` [ RunTime:0.0005s ]
SQL: SELECT * FROM `comments` WHERE ( bookid = '1' ) ORDER BY create_time desc  [ RunTime:0.0001s ]
SQL: SHOW COLUMNS FROM `bookzan` [ RunTime:0.0004s ]
SQL: SELECT COUNT(*) AS tp_count FROM `bookzan` WHERE ( bookid = '1' ) LIMIT 1   [ RunTime:0.0002s ]
SQL: SELECT COUNT(*) AS tp_count FROM `bookzan` WHERE ( username = '' ) LIMIT 1   [ RunTime:0.0002s ]

[ 2015-06-23T12:54:44+08:00 ] 127.0.0.1 /Xitong/index.php/Comments/comments.html
INFO: [ app_init ] --START--
INFO: Run Behavior\BuildLiteBehavior [ RunTime:0.000029s ]
INFO: [ app_init ] --END-- [ RunTime:0.000266s ]
INFO: [ app_begin ] --START--
INFO: Run Behavior\ReadHtmlCacheBehavior [ RunTime:0.000092s ]
INFO: [ app_begin ] --END-- [ RunTime:0.000186s ]
NOTIC: [4096] Object of class Home\Controller\CommentsController could not be converted to string /var/www/Xitong/Application/Home/Controller/CommentsController.class.php 第 29 行.
SQL: SHOW COLUMNS FROM `books` [ RunTime:0.0013s ]
SQL: SELECT * FROM `books` WHERE `id` = 1 LIMIT 1   [ RunTime:0.0002s ]
SQL: SHOW COLUMNS FROM `comments` [ RunTime:0.0007s ]
SQL: SELECT * FROM `comments` WHERE ( bookid = '1' ) ORDER BY create_time desc  [ RunTime:0.0002s ]
SQL: SHOW COLUMNS FROM `bookzan` [ RunTime:0.0006s ]
SQL: SELECT COUNT(*) AS tp_count FROM `bookzan` WHERE ( bookid = '1' ) LIMIT 1   [ RunTime:0.0001s ]
SQL: SELECT COUNT(*) AS tp_count FROM `bookzan` WHERE ( username = '' ) LIMIT 1   [ RunTime:0.0001s ]

[ 2015-06-23T12:54:47+08:00 ] 127.0.0.1 /Xitong/index.php/Comments/comments.html
INFO: [ app_init ] --START--
INFO: Run Behavior\BuildLiteBehavior [ RunTime:0.000043s ]
INFO: [ app_init ] --END-- [ RunTime:0.000326s ]
INFO: [ app_begin ] --START--
INFO: Run Behavior\ReadHtmlCacheBehavior [ RunTime:0.000148s ]
INFO: [ app_begin ] --END-- [ RunTime:0.000302s ]
NOTIC: [4096] Object of class Home\Controller\CommentsController could not be converted to string /var/www/Xitong/Application/Home/Controller/CommentsController.class.php 第 29 行.
SQL: SHOW COLUMNS FROM `books` [ RunTime:0.0005s ]
SQL: SELECT * FROM `books` WHERE `id` = 1 LIMIT 1   [ RunTime:0.0001s ]
SQL: SHOW COLUMNS FROM `comments` [ RunTime:0.0004s ]
SQL: SELECT * FROM `comments` WHERE ( bookid = '1' ) ORDER BY create_time desc  [ RunTime:0.0001s ]
SQL: SHOW COLUMNS FROM `bookzan` [ RunTime:0.0003s ]
SQL: SELECT COUNT(*) AS tp_count FROM `bookzan` WHERE ( bookid = '1' ) LIMIT 1   [ RunTime:0.0001s ]
SQL: SELECT COUNT(*) AS tp_count FROM `bookzan` WHERE ( username = '' ) LIMIT 1   [ RunTime:0.0001s ]

[ 2015-06-23T12:54:50+08:00 ] 127.0.0.1 /Xitong/index.php/Comments/comments.html
INFO: [ app_init ] --START--
INFO: Run Behavior\BuildLiteBehavior [ RunTime:0.000044s ]
INFO: [ app_init ] --END-- [ RunTime:0.000320s ]
INFO: [ app_begin ] --START--
INFO: Run Behavior\ReadHtmlCacheBehavior [ RunTime:0.000068s ]
INFO: [ app_begin ] --END-- [ RunTime:0.000144s ]
NOTIC: [4096] Object of class Home\Controller\CommentsController could not be converted to string /var/www/Xitong/Application/Home/Controller/CommentsController.class.php 第 29 行.
SQL: SHOW COLUMNS FROM `books` [ RunTime:0.0017s ]
SQL: SELECT * FROM `books` WHERE `id` = 1 LIMIT 1   [ RunTime:0.0001s ]
SQL: SHOW COLUMNS FROM `comments` [ RunTime:0.0011s ]
SQL: SELECT * FROM `comments` WHERE ( bookid = '1' ) ORDER BY create_time desc  [ RunTime:0.0003s ]
SQL: SHOW COLUMNS FROM `bookzan` [ RunTime:0.0011s ]
SQL: SELECT COUNT(*) AS tp_count FROM `bookzan` WHERE ( bookid = '1' ) LIMIT 1   [ RunTime:0.0003s ]
SQL: SELECT COUNT(*) AS tp_count FROM `bookzan` WHERE ( username = '' ) LIMIT 1   [ RunTime:0.0003s ]

[ 2015-06-23T12:54:53+08:00 ] 127.0.0.1 /Xitong/index.php/Comments/comments.html
INFO: [ app_init ] --START--
INFO: Run Behavior\BuildLiteBehavior [ RunTime:0.000030s ]
INFO: [ app_init ] --END-- [ RunTime:0.000207s ]
INFO: [ app_begin ] --START--
INFO: Run Behavior\ReadHtmlCacheBehavior [ RunTime:0.000115s ]
INFO: [ app_begin ] --END-- [ RunTime:0.000248s ]
NOTIC: [4096] Object of class Home\Controller\CommentsController could not be converted to string /var/www/Xitong/Application/Home/Controller/CommentsController.class.php 第 29 行.
SQL: SHOW COLUMNS FROM `books` [ RunTime:0.0009s ]
SQL: SELECT * FROM `books` WHERE `id` = 1 LIMIT 1   [ RunTime:0.0001s ]
SQL: SHOW COLUMNS FROM `comments` [ RunTime:0.0006s ]
SQL: SELECT * FROM `comments` WHERE ( bookid = '1' ) ORDER BY create_time desc  [ RunTime:0.0001s ]
SQL: SHOW COLUMNS FROM `bookzan` [ RunTime:0.0005s ]
SQL: SELECT COUNT(*) AS tp_count FROM `bookzan` WHERE ( bookid = '1' ) LIMIT 1   [ RunTime:0.0001s ]
SQL: SELECT COUNT(*) AS tp_count FROM `bookzan` WHERE ( username = '' ) LIMIT 1   [ RunTime:0.0001s ]

[ 2015-06-23T12:54:56+08:00 ] 127.0.0.1 /Xitong/index.php/Comments/comments.html
INFO: [ app_init ] --START--
INFO: Run Behavior\BuildLiteBehavior [ RunTime:0.000028s ]
INFO: [ app_init ] --END-- [ RunTime:0.000200s ]
INFO: [ app_begin ] --START--
INFO: Run Behavior\ReadHtmlCacheBehavior [ RunTime:0.000100s ]
INFO: [ app_begin ] --END-- [ RunTime:0.000203s ]
NOTIC: [4096] Object of class Home\Controller\CommentsController could not be converted to string /var/www/Xitong/Application/Home/Controller/CommentsController.class.php 第 29 行.
SQL: SHOW COLUMNS FROM `books` [ RunTime:0.0006s ]
SQL: SELECT * FROM `books` WHERE `id` = 1 LIMIT 1   [ RunTime:0.0001s ]
SQL: SHOW COLUMNS FROM `comments` [ RunTime:0.0011s ]
SQL: SELECT * FROM `comments` WHERE ( bookid = '1' ) ORDER BY create_time desc  [ RunTime:0.0001s ]
SQL: SHOW COLUMNS FROM `bookzan` [ RunTime:0.0006s ]
SQL: SELECT COUNT(*) AS tp_count FROM `bookzan` WHERE ( bookid = '1' ) LIMIT 1   [ RunTime:0.0003s ]
SQL: SELECT COUNT(*) AS tp_count FROM `bookzan` WHERE ( username = '' ) LIMIT 1   [ RunTime:0.0002s ]

[ 2015-06-23T12:54:59+08:00 ] 127.0.0.1 /Xitong/index.php/Comments/comments.html
INFO: [ app_init ] --START--
INFO: Run Behavior\BuildLiteBehavior [ RunTime:0.000030s ]
INFO: [ app_init ] --END-- [ RunTime:0.000206s ]
INFO: [ app_begin ] --START--
INFO: Run Behavior\ReadHtmlCacheBehavior [ RunTime:0.000091s ]
INFO: [ app_begin ] --END-- [ RunTime:0.000187s ]
NOTIC: [4096] Object of class Home\Controller\CommentsController could not be converted to string /var/www/Xitong/Application/Home/Controller/CommentsController.class.php 第 29 行.
SQL: SHOW COLUMNS FROM `books` [ RunTime:0.0014s ]
SQL: SELECT * FROM `books` WHERE `id` = 1 LIMIT 1   [ RunTime:0.0002s ]
SQL: SHOW COLUMNS FROM `comments` [ RunTime:0.0011s ]
SQL: SELECT * FROM `comments` WHERE ( bookid = '1' ) ORDER BY create_time desc  [ RunTime:0.0001s ]
SQL: SHOW COLUMNS FROM `bookzan` [ RunTime:0.0006s ]
SQL: SELECT COUNT(*) AS tp_count FROM `bookzan` WHERE ( bookid = '1' ) LIMIT 1   [ RunTime:0.0001s ]
SQL: SELECT COUNT(*) AS tp_count FROM `bookzan` WHERE ( username = '' ) LIMIT 1   [ RunTime:0.0001s ]

[ 2015-06-23T12:55:02+08:00 ] 127.0.0.1 /Xitong/index.php/Comments/comments.html
INFO: [ app_init ] --START--
INFO: Run Behavior\BuildLiteBehavior [ RunTime:0.000030s ]
INFO: [ app_init ] --END-- [ RunTime:0.000261s ]
INFO: [ app_begin ] --START--
INFO: Run Behavior\ReadHtmlCacheBehavior [ RunTime:0.000152s ]
INFO: [ app_begin ] --END-- [ RunTime:0.000307s ]
NOTIC: [4096] Object of class Home\Controller\CommentsController could not be converted to string /var/www/Xitong/Application/Home/Controller/CommentsController.class.php 第 29 行.
SQL: SHOW COLUMNS FROM `books` [ RunTime:0.0019s ]
SQL: SELECT * FROM `books` WHERE `id` = 1 LIMIT 1   [ RunTime:0.0002s ]
SQL: SHOW COLUMNS FROM `comments` [ RunTime:0.0011s ]
SQL: SELECT * FROM `comments` WHERE ( bookid = '1' ) ORDER BY create_time desc  [ RunTime:0.0002s ]
SQL: SHOW COLUMNS FROM `bookzan` [ RunTime:0.0010s ]
SQL: SELECT COUNT(*) AS tp_count FROM `bookzan` WHERE ( bookid = '1' ) LIMIT 1   [ RunTime:0.0002s ]
SQL: SELECT COUNT(*) AS tp_count FROM `bookzan` WHERE ( username = '' ) LIMIT 1   [ RunTime:0.0002s ]

[ 2015-06-23T12:55:05+08:00 ] 127.0.0.1 /Xitong/index.php/Comments/comments.html
INFO: [ app_init ] --START--
INFO: Run Behavior\BuildLiteBehavior [ RunTime:0.000027s ]
INFO: [ app_init ] --END-- [ RunTime:0.000199s ]
INFO: [ app_begin ] --START--
INFO: Run Behavior\ReadHtmlCacheBehavior [ RunTime:0.000095s ]
INFO: [ app_begin ] --END-- [ RunTime:0.000198s ]
NOTIC: [4096] Object of class Home\Controller\CommentsController could not be converted to string /var/www/Xitong/Application/Home/Controller/CommentsController.class.php 第 29 行.
SQL: SHOW COLUMNS FROM `books` [ RunTime:0.0018s ]
SQL: SELECT * FROM `books` WHERE `id` = 1 LIMIT 1   [ RunTime:0.0002s ]
SQL: SHOW COLUMNS FROM `comments` [ RunTime:0.0011s ]
SQL: SELECT * FROM `comments` WHERE ( bookid = '1' ) ORDER BY create_time desc  [ RunTime:0.0002s ]
SQL: SHOW COLUMNS FROM `bookzan` [ RunTime:0.0009s ]
SQL: SELECT COUNT(*) AS tp_count FROM `bookzan` WHERE ( bookid = '1' ) LIMIT 1   [ RunTime:0.0002s ]
SQL: SELECT COUNT(*) AS tp_count FROM `bookzan` WHERE ( username = '' ) LIMIT 1   [ RunTime:0.0001s ]

[ 2015-06-23T12:55:08+08:00 ] 127.0.0.1 /Xitong/index.php/Comments/comments.html
INFO: [ app_init ] --START--
INFO: Run Behavior\BuildLiteBehavior [ RunTime:0.000026s ]
INFO: [ app_init ] --END-- [ RunTime:0.000193s ]
INFO: [ app_begin ] --START--
INFO: Run Behavior\ReadHtmlCacheBehavior [ RunTime:0.000086s ]
INFO: [ app_begin ] --END-- [ RunTime:0.000179s ]
NOTIC: [4096] Object of class Home\Controller\CommentsController could not be converted to string /var/www/Xitong/Application/Home/Controller/CommentsController.class.php 第 29 行.
SQL: SHOW COLUMNS FROM `books` [ RunTime:0.0008s ]
SQL: SELECT * FROM `books` WHERE `id` = 1 LIMIT 1   [ RunTime:0.0002s ]
SQL: SHOW COLUMNS FROM `comments` [ RunTime:0.0012s ]
SQL: SELECT * FROM `comments` WHERE ( bookid = '1' ) ORDER BY create_time desc  [ RunTime:0.0001s ]
SQL: SHOW COLUMNS FROM `bookzan` [ RunTime:0.0013s ]
SQL: SELECT COUNT(*) AS tp_count FROM `bookzan` WHERE ( bookid = '1' ) LIMIT 1   [ RunTime:0.0002s ]
SQL: SELECT COUNT(*) AS tp_count FROM `bookzan` WHERE ( username = '' ) LIMIT 1   [ RunTime:0.0001s ]

[ 2015-06-23T12:55:11+08:00 ] 127.0.0.1 /Xitong/index.php/Comments/comments.html
INFO: [ app_init ] --START--
INFO: Run Behavior\BuildLiteBehavior [ RunTime:0.000026s ]
INFO: [ app_init ] --END-- [ RunTime:0.000175s ]
INFO: [ app_begin ] --START--
INFO: Run Behavior\ReadHtmlCacheBehavior [ RunTime:0.000089s ]
INFO: [ app_begin ] --END-- [ RunTime:0.000184s ]
NOTIC: [4096] Object of class Home\Controller\CommentsController could not be converted to string /var/www/Xitong/Application/Home/Controller/CommentsController.class.php 第 29 行.
SQL: SHOW COLUMNS FROM `books` [ RunTime:0.0011s ]
SQL: SELECT * FROM `books` WHERE `id` = 1 LIMIT 1   [ RunTime:0.0001s ]
SQL: SHOW COLUMNS FROM `comments` [ RunTime:0.0008s ]
SQL: SELECT * FROM `comments` WHERE ( bookid = '1' ) ORDER BY create_time desc  [ RunTime:0.0001s ]
SQL: SHOW COLUMNS FROM `bookzan` [ RunTime:0.0004s ]
SQL: SELECT COUNT(*) AS tp_count FROM `bookzan` WHERE ( bookid = '1' ) LIMIT 1   [ RunTime:0.0001s ]
SQL: SELECT COUNT(*) AS tp_count FROM `bookzan` WHERE ( username = '' ) LIMIT 1   [ RunTime:0.0000s ]

[ 2015-06-23T12:55:14+08:00 ] 127.0.0.1 /Xitong/index.php/Comments/comments.html
INFO: [ app_init ] --START--
INFO: Run Behavior\BuildLiteBehavior [ RunTime:0.000029s ]
INFO: [ app_init ] --END-- [ RunTime:0.000200s ]
INFO: [ app_begin ] --START--
INFO: Run Behavior\ReadHtmlCacheBehavior [ RunTime:0.000092s ]
INFO: [ app_begin ] --END-- [ RunTime:0.000186s ]
NOTIC: [4096] Object of class Home\Controller\CommentsController could not be converted to string /var/www/Xitong/Application/Home/Controller/CommentsController.class.php 第 29 行.
SQL: SHOW COLUMNS FROM `books` [ RunTime:0.0007s ]
SQL: SELECT * FROM `books` WHERE `id` = 1 LIMIT 1   [ RunTime:0.0002s ]
SQL: SHOW COLUMNS FROM `comments` [ RunTime:0.0010s ]
SQL: SELECT * FROM `comments` WHERE ( bookid = '1' ) ORDER BY create_time desc  [ RunTime:0.0002s ]
SQL: SHOW COLUMNS FROM `bookzan` [ RunTime:0.0005s ]
SQL: SELECT COUNT(*) AS tp_count FROM `bookzan` WHERE ( bookid = '1' ) LIMIT 1   [ RunTime:0.0002s ]
SQL: SELECT COUNT(*) AS tp_count FROM `bookzan` WHERE ( username = '' ) LIMIT 1   [ RunTime:0.0002s ]

[ 2015-06-23T12:55:17+08:00 ] 127.0.0.1 /Xitong/index.php/Comments/comments.html
INFO: [ app_init ] --START--
INFO: Run Behavior\BuildLiteBehavior [ RunTime:0.000031s ]
INFO: [ app_init ] --END-- [ RunTime:0.000218s ]
INFO: [ app_begin ] --START--
INFO: Run Behavior\ReadHtmlCacheBehavior [ RunTime:0.000066s ]
INFO: [ app_begin ] --END-- [ RunTime:0.000131s ]
NOTIC: [4096] Object of class Home\Controller\CommentsController could not be converted to string /var/www/Xitong/Application/Home/Controller/CommentsController.class.php 第 29 行.
SQL: SHOW COLUMNS FROM `books` [ RunTime:0.0016s ]
SQL: SELECT * FROM `books` WHERE `id` = 1 LIMIT 1   [ RunTime:0.0002s ]
SQL: SHOW COLUMNS FROM `comments` [ RunTime:0.0011s ]
SQL: SELECT * FROM `comments` WHERE ( bookid = '1' ) ORDER BY create_time desc  [ RunTime:0.0002s ]
SQL: SHOW COLUMNS FROM `bookzan` [ RunTime:0.0010s ]
SQL: SELECT COUNT(*) AS tp_count FROM `bookzan` WHERE ( bookid = '1' ) LIMIT 1   [ RunTime:0.0002s ]
SQL: SELECT COUNT(*) AS tp_count FROM `bookzan` WHERE ( username = '' ) LIMIT 1   [ RunTime:0.0001s ]

[ 2015-06-23T12:55:20+08:00 ] 127.0.0.1 /Xitong/index.php/Comments/comments.html
INFO: [ app_init ] --START--
INFO: Run Behavior\BuildLiteBehavior [ RunTime:0.000029s ]
INFO: [ app_init ] --END-- [ RunTime:0.000203s ]
INFO: [ app_begin ] --START--
INFO: Run Behavior\ReadHtmlCacheBehavior [ RunTime:0.000070s ]
INFO: [ app_begin ] --END-- [ RunTime:0.000165s ]
NOTIC: [4096] Object of class Home\Controller\CommentsController could not be converted to string /var/www/Xitong/Application/Home/Controller/CommentsController.class.php 第 29 行.
SQL: SHOW COLUMNS FROM `books` [ RunTime:0.0008s ]
SQL: SELECT * FROM `books` WHERE `id` = 1 LIMIT 1   [ RunTime:0.0001s ]
SQL: SHOW COLUMNS FROM `comments` [ RunTime:0.0018s ]
SQL: SELECT * FROM `comments` WHERE ( bookid = '1' ) ORDER BY create_time desc  [ RunTime:0.0001s ]
SQL: SHOW COLUMNS FROM `bookzan` [ RunTime:0.0006s ]
SQL: SELECT COUNT(*) AS tp_count FROM `bookzan` WHERE ( bookid = '1' ) LIMIT 1   [ RunTime:0.0000s ]
SQL: SELECT COUNT(*) AS tp_count FROM `bookzan` WHERE ( username = '' ) LIMIT 1   [ RunTime:0.0000s ]

[ 2015-06-23T12:55:23+08:00 ] 127.0.0.1 /Xitong/index.php/Comments/comments.html
INFO: [ app_init ] --START--
INFO: Run Behavior\BuildLiteBehavior [ RunTime:0.000044s ]
INFO: [ app_init ] --END-- [ RunTime:0.000307s ]
INFO: [ app_begin ] --START--
INFO: Run Behavior\ReadHtmlCacheBehavior [ RunTime:0.000150s ]
INFO: [ app_begin ] --END-- [ RunTime:0.000307s ]
NOTIC: [4096] Object of class Home\Controller\CommentsController could not be converted to string /var/www/Xitong/Application/Home/Controller/CommentsController.class.php 第 29 行.
SQL: SHOW COLUMNS FROM `books` [ RunTime:0.0021s ]
SQL: SELECT * FROM `books` WHERE `id` = 1 LIMIT 1   [ RunTime:0.0003s ]
SQL: SHOW COLUMNS FROM `comments` [ RunTime:0.0014s ]
SQL: SELECT * FROM `comments` WHERE ( bookid = '1' ) ORDER BY create_time desc  [ RunTime:0.0002s ]
SQL: SHOW COLUMNS FROM `bookzan` [ RunTime:0.0005s ]
SQL: SELECT COUNT(*) AS tp_count FROM `bookzan` WHERE ( bookid = '1' ) LIMIT 1   [ RunTime:0.0001s ]
SQL: SELECT COUNT(*) AS tp_count FROM `bookzan` WHERE ( username = '' ) LIMIT 1   [ RunTime:0.0002s ]

[ 2015-06-23T12:55:26+08:00 ] 127.0.0.1 /Xitong/index.php/Comments/comments.html
INFO: [ app_init ] --START--
INFO: Run Behavior\BuildLiteBehavior [ RunTime:0.000029s ]
INFO: [ app_init ] --END-- [ RunTime:0.000201s ]
INFO: [ app_begin ] --START--
INFO: Run Behavior\ReadHtmlCacheBehavior [ RunTime:0.000046s ]
INFO: [ app_begin ] --END-- [ RunTime:0.000091s ]
NOTIC: [4096] Object of class Home\Controller\CommentsController could not be converted to string /var/www/Xitong/Application/Home/Controller/CommentsController.class.php 第 29 行.
SQL: SHOW COLUMNS FROM `books` [ RunTime:0.0009s ]
SQL: SELECT * FROM `books` WHERE `id` = 1 LIMIT 1   [ RunTime:0.0001s ]
SQL: SHOW COLUMNS FROM `comments` [ RunTime:0.0004s ]
SQL: SELECT * FROM `comments` WHERE ( bookid = '1' ) ORDER BY create_time desc  [ RunTime:0.0001s ]
SQL: SHOW COLUMNS FROM `bookzan` [ RunTime:0.0007s ]
SQL: SELECT COUNT(*) AS tp_count FROM `bookzan` WHERE ( bookid = '1' ) LIMIT 1   [ RunTime:0.0003s ]
SQL: SELECT COUNT(*) AS tp_count FROM `bookzan` WHERE ( username = '' ) LIMIT 1   [ RunTime:0.0001s ]

[ 2015-06-23T12:55:29+08:00 ] 127.0.0.1 /Xitong/index.php/Comments/comments.html
INFO: [ app_init ] --START--
INFO: Run Behavior\BuildLiteBehavior [ RunTime:0.000011s ]
INFO: [ app_init ] --END-- [ RunTime:0.000076s ]
INFO: [ app_begin ] --START--
INFO: Run Behavior\ReadHtmlCacheBehavior [ RunTime:0.000057s ]
INFO: [ app_begin ] --END-- [ RunTime:0.000100s ]
NOTIC: [4096] Object of class Home\Controller\CommentsController could not be converted to string /var/www/Xitong/Application/Home/Controller/CommentsController.class.php 第 29 行.
SQL: SHOW COLUMNS FROM `books` [ RunTime:0.0018s ]
SQL: SELECT * FROM `books` WHERE `id` = 1 LIMIT 1   [ RunTime:0.0002s ]
SQL: SHOW COLUMNS FROM `comments` [ RunTime:0.0012s ]
SQL: SELECT * FROM `comments` WHERE ( bookid = '1' ) ORDER BY create_time desc  [ RunTime:0.0002s ]
SQL: SHOW COLUMNS FROM `bookzan` [ RunTime:0.0013s ]
SQL: SELECT COUNT(*) AS tp_count FROM `bookzan` WHERE ( bookid = '1' ) LIMIT 1   [ RunTime:0.0001s ]
SQL: SELECT COUNT(*) AS tp_count FROM `bookzan` WHERE ( username = '' ) LIMIT 1   [ RunTime:0.0001s ]

[ 2015-06-23T12:55:32+08:00 ] 127.0.0.1 /Xitong/index.php/Comments/comments.html
INFO: [ app_init ] --START--
INFO: Run Behavior\BuildLiteBehavior [ RunTime:0.000014s ]
INFO: [ app_init ] --END-- [ RunTime:0.000097s ]
INFO: [ app_begin ] --START--
INFO: Run Behavior\ReadHtmlCacheBehavior [ RunTime:0.000042s ]
INFO: [ app_begin ] --END-- [ RunTime:0.000082s ]
NOTIC: [4096] Object of class Home\Controller\CommentsController could not be converted to string /var/www/Xitong/Application/Home/Controller/CommentsController.class.php 第 29 行.
SQL: SHOW COLUMNS FROM `books` [ RunTime:0.0017s ]
SQL: SELECT * FROM `books` WHERE `id` = 1 LIMIT 1   [ RunTime:0.0001s ]
SQL: SHOW COLUMNS FROM `comments` [ RunTime:0.0004s ]
SQL: SELECT * FROM `comments` WHERE ( bookid = '1' ) ORDER BY create_time desc  [ RunTime:0.0001s ]
SQL: SHOW COLUMNS FROM `bookzan` [ RunTime:0.0003s ]
SQL: SELECT COUNT(*) AS tp_count FROM `bookzan` WHERE ( bookid = '1' ) LIMIT 1   [ RunTime:0.0001s ]
SQL: SELECT COUNT(*) AS tp_count FROM `bookzan` WHERE ( username = '' ) LIMIT 1   [ RunTime:0.0002s ]

[ 2015-06-23T12:55:35+08:00 ] 127.0.0.1 /Xitong/index.php/Comments/comments.html
INFO: [ app_init ] --START--
INFO: Run Behavior\BuildLiteBehavior [ RunTime:0.000038s ]
INFO: [ app_init ] --END-- [ RunTime:0.000244s ]
INFO: [ app_begin ] --START--
INFO: Run Behavior\ReadHtmlCacheBehavior [ RunTime:0.000093s ]
INFO: [ app_begin ] --END-- [ RunTime:0.000188s ]
NOTIC: [4096] Object of class Home\Controller\CommentsController could not be converted to string /var/www/Xitong/Application/Home/Controller/CommentsController.class.php 第 29 行.
SQL: SHOW COLUMNS FROM `books` [ RunTime:0.0011s ]
SQL: SELECT * FROM `books` WHERE `id` = 1 LIMIT 1   [ RunTime:0.0002s ]
SQL: SHOW COLUMNS FROM `comments` [ RunTime:0.0007s ]
SQL: SELECT * FROM `comments` WHERE ( bookid = '1' ) ORDER BY create_time desc  [ RunTime:0.0002s ]
SQL: SHOW COLUMNS FROM `bookzan` [ RunTime:0.0008s ]
SQL: SELECT COUNT(*) AS tp_count FROM `bookzan` WHERE ( bookid = '1' ) LIMIT 1   [ RunTime:0.0003s ]
SQL: SELECT COUNT(*) AS tp_count FROM `bookzan` WHERE ( username = '' ) LIMIT 1   [ RunTime:0.0003s ]

[ 2015-06-23T12:55:38+08:00 ] 127.0.0.1 /Xitong/index.php/Comments/comments.html
INFO: [ app_init ] --START--
INFO: Run Behavior\BuildLiteBehavior [ RunTime:0.000029s ]
INFO: [ app_init ] --END-- [ RunTime:0.000210s ]
INFO: [ app_begin ] --START--
INFO: Run Behavior\ReadHtmlCacheBehavior [ RunTime:0.000092s ]
INFO: [ app_begin ] --END-- [ RunTime:0.000186s ]
NOTIC: [4096] Object of class Home\Controller\CommentsController could not be converted to string /var/www/Xitong/Application/Home/Controller/CommentsController.class.php 第 29 行.
SQL: SHOW COLUMNS FROM `books` [ RunTime:0.0015s ]
SQL: SELECT * FROM `books` WHERE `id` = 1 LIMIT 1   [ RunTime:0.0002s ]
SQL: SHOW COLUMNS FROM `comments` [ RunTime:0.0006s ]
SQL: SELECT * FROM `comments` WHERE ( bookid = '1' ) ORDER BY create_time desc  [ RunTime:0.0002s ]
SQL: SHOW COLUMNS FROM `bookzan` [ RunTime:0.0005s ]
SQL: SELECT COUNT(*) AS tp_count FROM `bookzan` WHERE ( bookid = '1' ) LIMIT 1   [ RunTime:0.0001s ]
SQL: SELECT COUNT(*) AS tp_count FROM `bookzan` WHERE ( username = '' ) LIMIT 1   [ RunTime:0.0001s ]

[ 2015-06-23T12:55:41+08:00 ] 127.0.0.1 /Xitong/index.php/Comments/comments.html
INFO: [ app_init ] --START--
INFO: Run Behavior\BuildLiteBehavior [ RunTime:0.000044s ]
INFO: [ app_init ] --END-- [ RunTime:0.000313s ]
INFO: [ app_begin ] --START--
INFO: Run Behavior\ReadHtmlCacheBehavior [ RunTime:0.000101s ]
INFO: [ app_begin ] --END-- [ RunTime:0.000206s ]
NOTIC: [4096] Object of class Home\Controller\CommentsController could not be converted to string /var/www/Xitong/Application/Home/Controller/CommentsController.class.php 第 29 行.
SQL: SHOW COLUMNS FROM `books` [ RunTime:0.0016s ]
SQL: SELECT * FROM `books` WHERE `id` = 1 LIMIT 1   [ RunTime:0.0003s ]
SQL: SHOW COLUMNS FROM `comments` [ RunTime:0.0015s ]
SQL: SELECT * FROM `comments` WHERE ( bookid = '1' ) ORDER BY create_time desc  [ RunTime:0.0001s ]
SQL: SHOW COLUMNS FROM `bookzan` [ RunTime:0.0015s ]
SQL: SELECT COUNT(*) AS tp_count FROM `bookzan` WHERE ( bookid = '1' ) LIMIT 1   [ RunTime:0.0002s ]
SQL: SELECT COUNT(*) AS tp_count FROM `bookzan` WHERE ( username = '' ) LIMIT 1   [ RunTime:0.0002s ]

[ 2015-06-23T12:55:44+08:00 ] 127.0.0.1 /Xitong/index.php/Comments/comments.html
INFO: [ app_init ] --START--
INFO: Run Behavior\BuildLiteBehavior [ RunTime:0.000009s ]
INFO: [ app_init ] --END-- [ RunTime:0.000063s ]
INFO: [ app_begin ] --START--
INFO: Run Behavior\ReadHtmlCacheBehavior [ RunTime:0.000027s ]
INFO: [ app_begin ] --END-- [ RunTime:0.000054s ]
NOTIC: [4096] Object of class Home\Controller\CommentsController could not be converted to string /var/www/Xitong/Application/Home/Controller/CommentsController.class.php 第 29 行.
SQL: SHOW COLUMNS FROM `books` [ RunTime:0.0005s ]
SQL: SELECT * FROM `books` WHERE `id` = 1 LIMIT 1   [ RunTime:0.0001s ]
SQL: SHOW COLUMNS FROM `comments` [ RunTime:0.0007s ]
SQL: SELECT * FROM `comments` WHERE ( bookid = '1' ) ORDER BY create_time desc  [ RunTime:0.0001s ]
SQL: SHOW COLUMNS FROM `bookzan` [ RunTime:0.0007s ]
SQL: SELECT COUNT(*) AS tp_count FROM `bookzan` WHERE ( bookid = '1' ) LIMIT 1   [ RunTime:0.0001s ]
SQL: SELECT COUNT(*) AS tp_count FROM `bookzan` WHERE ( username = '' ) LIMIT 1   [ RunTime:0.0003s ]

[ 2015-06-23T12:55:47+08:00 ] 127.0.0.1 /Xitong/index.php/Comments/comments.html
INFO: [ app_init ] --START--
INFO: Run Behavior\BuildLiteBehavior [ RunTime:0.000029s ]
INFO: [ app_init ] --END-- [ RunTime:0.000200s ]
INFO: [ app_begin ] --START--
INFO: Run Behavior\ReadHtmlCacheBehavior [ RunTime:0.000054s ]
INFO: [ app_begin ] --END-- [ RunTime:0.000156s ]
NOTIC: [4096] Object of class Home\Controller\CommentsController could not be converted to string /var/www/Xitong/Application/Home/Controller/CommentsController.class.php 第 29 行.
SQL: SHOW COLUMNS FROM `books` [ RunTime:0.0014s ]
SQL: SELECT * FROM `books` WHERE `id` = 1 LIMIT 1   [ RunTime:0.0001s ]
SQL: SHOW COLUMNS FROM `comments` [ RunTime:0.0005s ]
SQL: SELECT * FROM `comments` WHERE ( bookid = '1' ) ORDER BY create_time desc  [ RunTime:0.0002s ]
SQL: SHOW COLUMNS FROM `bookzan` [ RunTime:0.0009s ]
SQL: SELECT COUNT(*) AS tp_count FROM `bookzan` WHERE ( bookid = '1' ) LIMIT 1   [ RunTime:0.0001s ]
SQL: SELECT COUNT(*) AS tp_count FROM `bookzan` WHERE ( username = '' ) LIMIT 1   [ RunTime:0.0001s ]

[ 2015-06-23T12:55:50+08:00 ] 127.0.0.1 /Xitong/index.php/Comments/comments.html
INFO: [ app_init ] --START--
INFO: Run Behavior\BuildLiteBehavior [ RunTime:0.000019s ]
INFO: [ app_init ] --END-- [ RunTime:0.000122s ]
INFO: [ app_begin ] --START--
INFO: Run Behavior\ReadHtmlCacheBehavior [ RunTime:0.000120s ]
INFO: [ app_begin ] --END-- [ RunTime:0.000236s ]
NOTIC: [4096] Object of class Home\Controller\CommentsController could not be converted to string /var/www/Xitong/Application/Home/Controller/CommentsController.class.php 第 29 行.
SQL: SHOW COLUMNS FROM `books` [ RunTime:0.0010s ]
SQL: SELECT * FROM `books` WHERE `id` = 1 LIMIT 1   [ RunTime:0.0001s ]
SQL: SHOW COLUMNS FROM `comments` [ RunTime:0.0005s ]
SQL: SELECT * FROM `comments` WHERE ( bookid = '1' ) ORDER BY create_time desc  [ RunTime:0.0002s ]
SQL: SHOW COLUMNS FROM `bookzan` [ RunTime:0.0004s ]
SQL: SELECT COUNT(*) AS tp_count FROM `bookzan` WHERE ( bookid = '1' ) LIMIT 1   [ RunTime:0.0002s ]
SQL: SELECT COUNT(*) AS tp_count FROM `bookzan` WHERE ( username = '' ) LIMIT 1   [ RunTime:0.0001s ]

[ 2015-06-23T12:55:54+08:00 ] 127.0.0.1 /Xitong/index.php/Comments/comments.html
INFO: [ app_init ] --START--
INFO: Run Behavior\BuildLiteBehavior [ RunTime:0.000030s ]
INFO: [ app_init ] --END-- [ RunTime:0.000204s ]
INFO: [ app_begin ] --START--
INFO: Run Behavior\ReadHtmlCacheBehavior [ RunTime:0.000091s ]
INFO: [ app_begin ] --END-- [ RunTime:0.000188s ]
NOTIC: [4096] Object of class Home\Controller\CommentsController could not be converted to string /var/www/Xitong/Application/Home/Controller/CommentsController.class.php 第 29 行.
SQL: SHOW COLUMNS FROM `books` [ RunTime:0.0008s ]
SQL: SELECT * FROM `books` WHERE `id` = 1 LIMIT 1   [ RunTime:0.0006s ]
SQL: SHOW COLUMNS FROM `comments` [ RunTime:0.0012s ]
SQL: SELECT * FROM `comments` WHERE ( bookid = '1' ) ORDER BY create_time desc  [ RunTime:0.0001s ]
SQL: SHOW COLUMNS FROM `bookzan` [ RunTime:0.0010s ]
SQL: SELECT COUNT(*) AS tp_count FROM `bookzan` WHERE ( bookid = '1' ) LIMIT 1   [ RunTime:0.0001s ]
SQL: SELECT COUNT(*) AS tp_count FROM `bookzan` WHERE ( username = '' ) LIMIT 1   [ RunTime:0.0001s ]
NOTIC: [8] Use of undefined constant comments - assumed 'comments' /var/www/Xitong/Application/Home/Controller/CommentsController.class.php 第 68 行.
INFO: [ view_parse ] --START--
INFO: [ template_filter ] --START--
INFO: Run Behavior\ContentReplaceBehavior [ RunTime:0.000045s ]
INFO: [ template_filter ] --END-- [ RunTime:0.000093s ]
NOTIC: [8] Use of undefined constant bookname - assumed 'bookname' /var/www/Xitong/Application/Runtime/Cache/Home/3c2d225e32d957828263d2fa9c9c1842.php 第 49 行.
NOTIC: [8] Use of undefined constant picture - assumed 'picture' /var/www/Xitong/Application/Runtime/Cache/Home/3c2d225e32d957828263d2fa9c9c1842.php 第 50 行.
NOTIC: [8] Use of undefined constant author - assumed 'author' /var/www/Xitong/Application/Runtime/Cache/Home/3c2d225e32d957828263d2fa9c9c1842.php 第 52 行.
NOTIC: [8] Use of undefined constant press - assumed 'press' /var/www/Xitong/Application/Runtime/Cache/Home/3c2d225e32d957828263d2fa9c9c1842.php 第 53 行.
NOTIC: [8] Use of undefined constant isbn - assumed 'isbn' /var/www/Xitong/Application/Runtime/Cache/Home/3c2d225e32d957828263d2fa9c9c1842.php 第 54 行.
NOTIC: [8] Use of undefined constant summary - assumed 'summary' /var/www/Xitong/Application/Runtime/Cache/Home/3c2d225e32d957828263d2fa9c9c1842.php 第 61 行.
INFO: Run Behavior\ParseTemplateBehavior [ RunTime:0.003243s ]
INFO: [ view_parse ] --END-- [ RunTime:0.003285s ]
INFO: [ view_filter ] --START--
INFO: Run Behavior\WriteHtmlCacheBehavior [ RunTime:0.000052s ]
INFO: [ view_filter ] --END-- [ RunTime:0.000084s ]
INFO: [ app_end ] --START--
INFO: Run Behavior\ShowPageTraceBehavior [ RunTime:0.000038s ]
INFO: [ app_end ] --END-- [ RunTime:0.000070s ]

[ 2015-06-23T12:56:33+08:00 ] 127.0.0.1 /Xitong/index.php/Home/Comments/addComment
INFO: [ app_init ] --START--
INFO: Run Behavior\BuildLiteBehavior [ RunTime:0.000030s ]
INFO: [ app_init ] --END-- [ RunTime:0.000208s ]
INFO: [ app_begin ] --START--
INFO: Run Behavior\ReadHtmlCacheBehavior [ RunTime:0.000088s ]
INFO: [ app_begin ] --END-- [ RunTime:0.000183s ]

[ 2015-06-23T12:56:33+08:00 ] 127.0.0.1 /Xitong/index.php/User/login/error/2.html
INFO: [ app_init ] --START--
INFO: Run Behavior\BuildLiteBehavior [ RunTime:0.000027s ]
INFO: [ app_init ] --END-- [ RunTime:0.000184s ]
INFO: [ app_begin ] --START--
INFO: Run Behavior\ReadHtmlCacheBehavior [ RunTime:0.000071s ]
INFO: [ app_begin ] --END-- [ RunTime:0.000126s ]
NOTIC: [4096] Object of class Home\Controller\UserController could not be converted to string /var/www/Xitong/Application/Home/Controller/UserController.class.php 第 30 行.
INFO: [ view_parse ] --START--
INFO: [ template_filter ] --START--
INFO: Run Behavior\ContentReplaceBehavior [ RunTime:0.000041s ]
INFO: [ template_filter ] --END-- [ RunTime:0.000162s ]
NOTIC: [8] Use of undefined constant register - assumed 'register' /var/www/Xitong/Application/Runtime/Cache/Home/5c9ee6d19cd41add49f97afe3aef0b25.php 第 35 行.
INFO: Run Behavior\ParseTemplateBehavior [ RunTime:0.003692s ]
INFO: [ view_parse ] --END-- [ RunTime:0.003770s ]
INFO: [ view_filter ] --START--
INFO: Run Behavior\WriteHtmlCacheBehavior [ RunTime:0.000051s ]
INFO: [ view_filter ] --END-- [ RunTime:0.000074s ]
INFO: [ app_end ] --START--
INFO: Run Behavior\ShowPageTraceBehavior [ RunTime:0.000029s ]
INFO: [ app_end ] --END-- [ RunTime:0.000057s ]

[ 2015-06-23T12:56:40+08:00 ] 127.0.0.1 /Xitong/index.php/Home/User/loginin/2
INFO: [ app_init ] --START--
INFO: Run Behavior\BuildLiteBehavior [ RunTime:0.000017s ]
INFO: [ app_init ] --END-- [ RunTime:0.000128s ]
INFO: [ app_begin ] --START--
INFO: Run Behavior\ReadHtmlCacheBehavior [ RunTime:0.000032s ]
INFO: [ app_begin ] --END-- [ RunTime:0.000060s ]
SQL: SHOW COLUMNS FROM `users` [ RunTime:0.0009s ]
SQL: SELECT * FROM `users` WHERE ( username = 'wanghao' and password = 'haoren' ) LIMIT 1   [ RunTime:0.0004s ]

[ 2015-06-23T12:56:40+08:00 ] 127.0.0.1 /Xitong/index.php/User/index.html
INFO: [ app_init ] --START--
INFO: Run Behavior\BuildLiteBehavior [ RunTime:0.000031s ]
INFO: [ app_init ] --END-- [ RunTime:0.000235s ]
INFO: [ app_begin ] --START--
INFO: Run Behavior\ReadHtmlCacheBehavior [ RunTime:0.000051s ]
INFO: [ app_begin ] --END-- [ RunTime:0.000114s ]

[ 2015-06-23T12:56:40+08:00 ] 127.0.0.1 /Xitong/index.php/Comments/comments.html
INFO: [ app_init ] --START--
INFO: Run Behavior\BuildLiteBehavior [ RunTime:0.000015s ]
INFO: [ app_init ] --END-- [ RunTime:0.000099s ]
INFO: [ app_begin ] --START--
INFO: Run Behavior\ReadHtmlCacheBehavior [ RunTime:0.000042s ]
INFO: [ app_begin ] --END-- [ RunTime:0.000088s ]
NOTIC: [4096] Object of class Home\Controller\CommentsController could not be converted to string /var/www/Xitong/Application/Home/Controller/CommentsController.class.php 第 29 行.
SQL: SHOW COLUMNS FROM `books` [ RunTime:0.0009s ]
SQL: SELECT * FROM `books` WHERE `id` = 1 LIMIT 1   [ RunTime:0.0001s ]
SQL: SHOW COLUMNS FROM `comments` [ RunTime:0.0008s ]
SQL: SELECT * FROM `comments` WHERE ( bookid = '1' ) ORDER BY create_time desc  [ RunTime:0.0001s ]
SQL: SHOW COLUMNS FROM `bookzan` [ RunTime:0.0013s ]
SQL: SELECT COUNT(*) AS tp_count FROM `bookzan` WHERE ( bookid = '1' ) LIMIT 1   [ RunTime:0.0003s ]
SQL: SELECT COUNT(*) AS tp_count FROM `bookzan` WHERE ( username = 'wanghao' ) LIMIT 1   [ RunTime:0.0016s ]
NOTIC: [8] Use of undefined constant comments - assumed 'comments' /var/www/Xitong/Application/Home/Controller/CommentsController.class.php 第 68 行.
INFO: [ view_parse ] --START--
INFO: [ template_filter ] --START--
INFO: Run Behavior\ContentReplaceBehavior [ RunTime:0.000048s ]
INFO: [ template_filter ] --END-- [ RunTime:0.000115s ]
NOTIC: [8] Use of undefined constant bookname - assumed 'bookname' /var/www/Xitong/Application/Runtime/Cache/Home/3c2d225e32d957828263d2fa9c9c1842.php 第 49 行.
NOTIC: [8] Use of undefined constant picture - assumed 'picture' /var/www/Xitong/Application/Runtime/Cache/Home/3c2d225e32d957828263d2fa9c9c1842.php 第 50 行.
NOTIC: [8] Use of undefined constant author - assumed 'author' /var/www/Xitong/Application/Runtime/Cache/Home/3c2d225e32d957828263d2fa9c9c1842.php 第 52 行.
NOTIC: [8] Use of undefined constant press - assumed 'press' /var/www/Xitong/Application/Runtime/Cache/Home/3c2d225e32d957828263d2fa9c9c1842.php 第 53 行.
NOTIC: [8] Use of undefined constant isbn - assumed 'isbn' /var/www/Xitong/Application/Runtime/Cache/Home/3c2d225e32d957828263d2fa9c9c1842.php 第 54 行.
NOTIC: [8] Use of undefined constant summary - assumed 'summary' /var/www/Xitong/Application/Runtime/Cache/Home/3c2d225e32d957828263d2fa9c9c1842.php 第 61 行.
INFO: Run Behavior\ParseTemplateBehavior [ RunTime:0.004991s ]
INFO: [ view_parse ] --END-- [ RunTime:0.005038s ]
INFO: [ view_filter ] --START--
INFO: Run Behavior\WriteHtmlCacheBehavior [ RunTime:0.000043s ]
INFO: [ view_filter ] --END-- [ RunTime:0.000069s ]
INFO: [ app_end ] --START--
INFO: Run Behavior\ShowPageTraceBehavior [ RunTime:0.000038s ]
INFO: [ app_end ] --END-- [ RunTime:0.000065s ]

[ 2015-06-23T12:56:44+08:00 ] 127.0.0.1 /Xitong/index.php/Home/Comments/addComment
INFO: [ app_init ] --START--
INFO: Run Behavior\BuildLiteBehavior [ RunTime:0.000012s ]
INFO: [ app_init ] --END-- [ RunTime:0.000086s ]
INFO: [ app_begin ] --START--
INFO: Run Behavior\ReadHtmlCacheBehavior [ RunTime:0.000043s ]
INFO: [ app_begin ] --END-- [ RunTime:0.000125s ]
SQL: SHOW COLUMNS FROM `comments` [ RunTime:0.0008s ]
SQL: INSERT INTO `comments` (`comment`,`create_time`,`bookid`,`username`) VALUES ('qeqweqw','1435035404','1','wanghao') [ RunTime:0.0007s ]

[ 2015-06-23T12:56:44+08:00 ] 127.0.0.1 /Xitong/index.php/Comments/comments.html
INFO: [ app_init ] --START--
INFO: Run Behavior\BuildLiteBehavior [ RunTime:0.000010s ]
INFO: [ app_init ] --END-- [ RunTime:0.000072s ]
INFO: [ app_begin ] --START--
INFO: Run Behavior\ReadHtmlCacheBehavior [ RunTime:0.000031s ]
INFO: [ app_begin ] --END-- [ RunTime:0.000066s ]
NOTIC: [4096] Object of class Home\Controller\CommentsController could not be converted to string /var/www/Xitong/Application/Home/Controller/CommentsController.class.php 第 29 行.
SQL: SHOW COLUMNS FROM `books` [ RunTime:0.0006s ]
SQL: SELECT * FROM `books` WHERE `id` = 1 LIMIT 1   [ RunTime:0.0001s ]
SQL: SHOW COLUMNS FROM `comments` [ RunTime:0.0005s ]
SQL: SELECT * FROM `comments` WHERE ( bookid = '1' ) ORDER BY create_time desc  [ RunTime:0.0003s ]
SQL: SHOW COLUMNS FROM `bookzan` [ RunTime:0.0005s ]
SQL: SELECT COUNT(*) AS tp_count FROM `bookzan` WHERE ( bookid = '1' ) LIMIT 1   [ RunTime:0.0002s ]
SQL: SELECT COUNT(*) AS tp_count FROM `bookzan` WHERE ( username = 'wanghao' ) LIMIT 1   [ RunTime:0.0002s ]
NOTIC: [8] Use of undefined constant comments - assumed 'comments' /var/www/Xitong/Application/Home/Controller/CommentsController.class.php 第 68 行.
INFO: [ view_parse ] --START--
INFO: [ template_filter ] --START--
INFO: Run Behavior\ContentReplaceBehavior [ RunTime:0.000052s ]
INFO: [ template_filter ] --END-- [ RunTime:0.000111s ]
NOTIC: [8] Use of undefined constant bookname - assumed 'bookname' /var/www/Xitong/Application/Runtime/Cache/Home/3c2d225e32d957828263d2fa9c9c1842.php 第 49 行.
NOTIC: [8] Use of undefined constant picture - assumed 'picture' /var/www/Xitong/Application/Runtime/Cache/Home/3c2d225e32d957828263d2fa9c9c1842.php 第 50 行.
NOTIC: [8] Use of undefined constant author - assumed 'author' /var/www/Xitong/Application/Runtime/Cache/Home/3c2d225e32d957828263d2fa9c9c1842.php 第 52 行.
NOTIC: [8] Use of undefined constant press - assumed 'press' /var/www/Xitong/Application/Runtime/Cache/Home/3c2d225e32d957828263d2fa9c9c1842.php 第 53 行.
NOTIC: [8] Use of undefined constant isbn - assumed 'isbn' /var/www/Xitong/Application/Runtime/Cache/Home/3c2d225e32d957828263d2fa9c9c1842.php 第 54 行.
NOTIC: [8] Use of undefined constant summary - assumed 'summary' /var/www/Xitong/Application/Runtime/Cache/Home/3c2d225e32d957828263d2fa9c9c1842.php 第 61 行.
NOTIC: [8] Use of undefined constant username - assumed 'username' /var/www/Xitong/Application/Runtime/Cache/Home/3c2d225e32d957828263d2fa9c9c1842.php 第 79 行.
NOTIC: [8] Use of undefined constant comment - assumed 'comment' /var/www/Xitong/Application/Runtime/Cache/Home/3c2d225e32d957828263d2fa9c9c1842.php 第 80 行.
NOTIC: [8] Use of undefined constant create_time - assumed 'create_time' /var/www/Xitong/Application/Runtime/Cache/Home/3c2d225e32d957828263d2fa9c9c1842.php 第 81 行.
INFO: Run Behavior\ParseTemplateBehavior [ RunTime:0.004493s ]
INFO: [ view_parse ] --END-- [ RunTime:0.004541s ]
INFO: [ view_filter ] --START--
INFO: Run Behavior\WriteHtmlCacheBehavior [ RunTime:0.000066s ]
INFO: [ view_filter ] --END-- [ RunTime:0.000106s ]
INFO: [ app_end ] --START--
INFO: Run Behavior\ShowPageTraceBehavior [ RunTime:0.000043s ]
INFO: [ app_end ] --END-- [ RunTime:0.000084s ]

[ 2015-06-23T12:56:47+08:00 ] 127.0.0.1 /Xitong/index.php/Home/Comments/addComment
INFO: [ app_init ] --START--
INFO: Run Behavior\BuildLiteBehavior [ RunTime:0.000020s ]
INFO: [ app_init ] --END-- [ RunTime:0.000142s ]
INFO: [ app_begin ] --START--
INFO: Run Behavior\ReadHtmlCacheBehavior [ RunTime:0.000046s ]
INFO: [ app_begin ] --END-- [ RunTime:0.000109s ]
SQL: SHOW COLUMNS FROM `comments` [ RunTime:0.0010s ]
SQL: INSERT INTO `comments` (`comment`,`create_time`,`bookid`,`username`) VALUES ('qweqwe','1435035407','1','wanghao') [ RunTime:0.0004s ]

[ 2015-06-23T12:56:47+08:00 ] 127.0.0.1 /Xitong/index.php/Comments/comments.html
INFO: [ app_init ] --START--
INFO: Run Behavior\BuildLiteBehavior [ RunTime:0.000013s ]
INFO: [ app_init ] --END-- [ RunTime:0.000083s ]
INFO: [ app_begin ] --START--
INFO: Run Behavior\ReadHtmlCacheBehavior [ RunTime:0.000035s ]
INFO: [ app_begin ] --END-- [ RunTime:0.000077s ]
NOTIC: [4096] Object of class Home\Controller\CommentsController could not be converted to string /var/www/Xitong/Application/Home/Controller/CommentsController.class.php 第 29 行.
SQL: SHOW COLUMNS FROM `books` [ RunTime:0.0007s ]
SQL: SELECT * FROM `books` WHERE `id` = 1 LIMIT 1   [ RunTime:0.0001s ]
SQL: SHOW COLUMNS FROM `comments` [ RunTime:0.0006s ]
SQL: SELECT * FROM `comments` WHERE ( bookid = '1' ) ORDER BY create_time desc  [ RunTime:0.0003s ]
SQL: SHOW COLUMNS FROM `bookzan` [ RunTime:0.0005s ]
SQL: SELECT COUNT(*) AS tp_count FROM `bookzan` WHERE ( bookid = '1' ) LIMIT 1   [ RunTime:0.0001s ]
SQL: SELECT COUNT(*) AS tp_count FROM `bookzan` WHERE ( username = 'wanghao' ) LIMIT 1   [ RunTime:0.0001s ]
NOTIC: [8] Use of undefined constant comments - assumed 'comments' /var/www/Xitong/Application/Home/Controller/CommentsController.class.php 第 68 行.
INFO: [ view_parse ] --START--
INFO: [ template_filter ] --START--
INFO: Run Behavior\ContentReplaceBehavior [ RunTime:0.000058s ]
INFO: [ template_filter ] --END-- [ RunTime:0.000143s ]
NOTIC: [8] Use of undefined constant bookname - assumed 'bookname' /var/www/Xitong/Application/Runtime/Cache/Home/3c2d225e32d957828263d2fa9c9c1842.php 第 49 行.
NOTIC: [8] Use of undefined constant picture - assumed 'picture' /var/www/Xitong/Application/Runtime/Cache/Home/3c2d225e32d957828263d2fa9c9c1842.php 第 50 行.
NOTIC: [8] Use of undefined constant author - assumed 'author' /var/www/Xitong/Application/Runtime/Cache/Home/3c2d225e32d957828263d2fa9c9c1842.php 第 52 行.
NOTIC: [8] Use of undefined constant press - assumed 'press' /var/www/Xitong/Application/Runtime/Cache/Home/3c2d225e32d957828263d2fa9c9c1842.php 第 53 行.
NOTIC: [8] Use of undefined constant isbn - assumed 'isbn' /var/www/Xitong/Application/Runtime/Cache/Home/3c2d225e32d957828263d2fa9c9c1842.php 第 54 行.
NOTIC: [8] Use of undefined constant summary - assumed 'summary' /var/www/Xitong/Application/Runtime/Cache/Home/3c2d225e32d957828263d2fa9c9c1842.php 第 61 行.
NOTIC: [8] Use of undefined constant username - assumed 'username' /var/www/Xitong/Application/Runtime/Cache/Home/3c2d225e32d957828263d2fa9c9c1842.php 第 79 行.
NOTIC: [8] Use of undefined constant comment - assumed 'comment' /var/www/Xitong/Application/Runtime/Cache/Home/3c2d225e32d957828263d2fa9c9c1842.php 第 80 行.
NOTIC: [8] Use of undefined constant create_time - assumed 'create_time' /var/www/Xitong/Application/Runtime/Cache/Home/3c2d225e32d957828263d2fa9c9c1842.php 第 81 行.
NOTIC: [8] Use of undefined constant username - assumed 'username' /var/www/Xitong/Application/Runtime/Cache/Home/3c2d225e32d957828263d2fa9c9c1842.php 第 79 行.
NOTIC: [8] Use of undefined constant comment - assumed 'comment' /var/www/Xitong/Application/Runtime/Cache/Home/3c2d225e32d957828263d2fa9c9c1842.php 第 80 行.
NOTIC: [8] Use of undefined constant create_time - assumed 'create_time' /var/www/Xitong/Application/Runtime/Cache/Home/3c2d225e32d957828263d2fa9c9c1842.php 第 81 行.
INFO: Run Behavior\ParseTemplateBehavior [ RunTime:0.003918s ]
INFO: [ view_parse ] --END-- [ RunTime:0.003962s ]
INFO: [ view_filter ] --START--
INFO: Run Behavior\WriteHtmlCacheBehavior [ RunTime:0.000049s ]
INFO: [ view_filter ] --END-- [ RunTime:0.000085s ]
INFO: [ app_end ] --START--
INFO: Run Behavior\ShowPageTraceBehavior [ RunTime:0.000038s ]
INFO: [ app_end ] --END-- [ RunTime:0.000074s ]

[ 2015-06-23T12:56:50+08:00 ] 127.0.0.1 /Xitong/index.php/Home/Comments/myAllNotes
INFO: [ app_init ] --START--
INFO: Run Behavior\BuildLiteBehavior [ RunTime:0.000030s ]
INFO: [ app_init ] --END-- [ RunTime:0.000205s ]
INFO: [ app_begin ] --START--
INFO: Run Behavior\ReadHtmlCacheBehavior [ RunTime:0.000091s ]
INFO: [ app_begin ] --END-- [ RunTime:0.000184s ]

[ 2015-06-23T12:56:50+08:00 ] 127.0.0.1 /Xitong/index.php/Notes/myAllNotes.html
INFO: [ app_init ] --START--
INFO: Run Behavior\BuildLiteBehavior [ RunTime:0.000011s ]
INFO: [ app_init ] --END-- [ RunTime:0.000074s ]
INFO: [ app_begin ] --START--
INFO: Run Behavior\ReadHtmlCacheBehavior [ RunTime:0.000030s ]
INFO: [ app_begin ] --END-- [ RunTime:0.000065s ]
SQL: SHOW COLUMNS FROM `books` [ RunTime:0.0018s ]
NOTIC: [8] Undefined variable: bookId /var/www/Xitong/Application/Home/Controller/NotesController.class.php 第 101 行.
SQL: SELECT * FROM `books` LIMIT 1   [ RunTime:0.0003s ]
SQL: SHOW COLUMNS FROM `notes` [ RunTime:0.0006s ]
SQL: SELECT * FROM `notes` WHERE ( username = 'wanghao' ) ORDER BY create_time desc  [ RunTime:0.0003s ]
NOTIC: [4096] Object of class Home\Controller\NotesController could not be converted to string /var/www/Xitong/Application/Home/Controller/NotesController.class.php 第 111 行.
INFO: [ view_parse ] --START--
INFO: [ template_filter ] --START--
INFO: Run Behavior\ContentReplaceBehavior [ RunTime:0.000104s ]
INFO: [ template_filter ] --END-- [ RunTime:0.000189s ]
INFO: Run Behavior\ParseTemplateBehavior [ RunTime:0.005428s ]
INFO: [ view_parse ] --END-- [ RunTime:0.005517s ]
INFO: [ view_filter ] --START--
INFO: Run Behavior\WriteHtmlCacheBehavior [ RunTime:0.000097s ]
INFO: [ view_filter ] --END-- [ RunTime:0.000180s ]
INFO: [ app_end ] --START--
INFO: Run Behavior\ShowPageTraceBehavior [ RunTime:0.000093s ]
INFO: [ app_end ] --END-- [ RunTime:0.000183s ]

[ 2015-06-23T12:56:53+08:00 ] 127.0.0.1 /Xitong/index.php/Home/Notes/allNotes
INFO: [ app_init ] --START--
INFO: Run Behavior\BuildLiteBehavior [ RunTime:0.000008s ]
INFO: [ app_init ] --END-- [ RunTime:0.000059s ]
INFO: [ app_begin ] --START--
INFO: Run Behavior\ReadHtmlCacheBehavior [ RunTime:0.000025s ]
INFO: [ app_begin ] --END-- [ RunTime:0.000049s ]
SQL: SHOW COLUMNS FROM `notes` [ RunTime:0.0007s ]
SQL: SELECT * FROM `notes` WHERE ( public = 1 ) ORDER BY create_time desc  [ RunTime:0.0003s ]
NOTIC: [4096] Object of class Home\Controller\NotesController could not be converted to string /var/www/Xitong/Application/Home/Controller/NotesController.class.php 第 61 行.
NOTIC: [8] Use of undefined constant bookAllNotes - assumed 'bookAllNotes' /var/www/Xitong/Application/Home/Controller/NotesController.class.php 第 62 行.
INFO: [ view_parse ] --START--
INFO: [ template_filter ] --START--
INFO: Run Behavior\ContentReplaceBehavior [ RunTime:0.000107s ]
INFO: [ template_filter ] --END-- [ RunTime:0.000221s ]
INFO: Run Behavior\ParseTemplateBehavior [ RunTime:0.004063s ]
INFO: [ view_parse ] --END-- [ RunTime:0.004134s ]
INFO: [ view_filter ] --START--
INFO: Run Behavior\WriteHtmlCacheBehavior [ RunTime:0.000475s ]
INFO: [ view_filter ] --END-- [ RunTime:0.000635s ]
INFO: [ app_end ] --START--
INFO: Run Behavior\ShowPageTraceBehavior [ RunTime:0.000154s ]
INFO: [ app_end ] --END-- [ RunTime:0.000297s ]

[ 2015-06-23T12:56:54+08:00 ] 127.0.0.1 /Xitong/index.php/Home/Notes/addNote
INFO: [ app_init ] --START--
INFO: Run Behavior\BuildLiteBehavior [ RunTime:0.000017s ]
INFO: [ app_init ] --END-- [ RunTime:0.000117s ]
INFO: [ app_begin ] --START--
INFO: Run Behavior\ReadHtmlCacheBehavior [ RunTime:0.000055s ]
INFO: [ app_begin ] --END-- [ RunTime:0.000115s ]
NOTIC: [4096] Object of class Home\Controller\NotesController could not be converted to string /var/www/Xitong/Application/Home/Controller/NotesController.class.php 第 116 行.
INFO: [ view_parse ] --START--
INFO: [ template_filter ] --START--
INFO: Run Behavior\ContentReplaceBehavior [ RunTime:0.000107s ]
INFO: [ template_filter ] --END-- [ RunTime:0.000239s ]
INFO: Run Behavior\ParseTemplateBehavior [ RunTime:0.003908s ]
INFO: [ view_parse ] --END-- [ RunTime:0.003969s ]
INFO: [ view_filter ] --START--
INFO: Run Behavior\WriteHtmlCacheBehavior [ RunTime:0.000047s ]
INFO: [ view_filter ] --END-- [ RunTime:0.000074s ]
INFO: [ app_end ] --START--
INFO: Run Behavior\ShowPageTraceBehavior [ RunTime:0.000030s ]
INFO: [ app_end ] --END-- [ RunTime:0.000057s ]

[ 2015-06-23T12:57:01+08:00 ] 127.0.0.1 /Xitong/index.php/Home/Notes/addNoteIn
INFO: [ app_init ] --START--
INFO: Run Behavior\BuildLiteBehavior [ RunTime:0.000043s ]
INFO: [ app_init ] --END-- [ RunTime:0.000336s ]
INFO: [ app_begin ] --START--
INFO: Run Behavior\ReadHtmlCacheBehavior [ RunTime:0.000106s ]
INFO: [ app_begin ] --END-- [ RunTime:0.000178s ]
NOTIC: [2] call_user_func() expects parameter 1 to be a valid callback, no array or string given /var/www/Xitong/ThinkPHP/Library/Think/Upload.class.php 第 170 行.
SQL: SHOW COLUMNS FROM `books` [ RunTime:0.0008s ]
SQL: SELECT * FROM `books` WHERE `id` = 1 LIMIT 1   [ RunTime:0.0002s ]
SQL: SHOW COLUMNS FROM `notes` [ RunTime:0.0008s ]
SQL: INSERT INTO `notes` (`bookid`,`username`,`chapter`,`page`,`note`,`photo`,`public`,`create_time`) VALUES ('1','wanghao','122','12312','123','5588e71d380ab.jpg','1','1435035420') [ RunTime:0.0009s ]

[ 2015-06-23T12:57:01+08:00 ] 127.0.0.1 /Xitong/index.php/Notes/index.html
INFO: [ app_init ] --START--
INFO: Run Behavior\BuildLiteBehavior [ RunTime:0.000009s ]
INFO: [ app_init ] --END-- [ RunTime:0.000062s ]
INFO: [ app_begin ] --START--
INFO: Run Behavior\ReadHtmlCacheBehavior [ RunTime:0.000024s ]
INFO: [ app_begin ] --END-- [ RunTime:0.000054s ]

[ 2015-06-23T12:57:01+08:00 ] 127.0.0.1 /Xitong/index.php/Notes/bookAllNotes.html
INFO: [ app_init ] --START--
INFO: Run Behavior\BuildLiteBehavior [ RunTime:0.000027s ]
INFO: [ app_init ] --END-- [ RunTime:0.000182s ]
INFO: [ app_begin ] --START--
INFO: Run Behavior\ReadHtmlCacheBehavior [ RunTime:0.000078s ]
INFO: [ app_begin ] --END-- [ RunTime:0.000171s ]
SQL: SHOW COLUMNS FROM `books` [ RunTime:0.0007s ]
SQL: SELECT * FROM `books` WHERE `id` = 1 LIMIT 1   [ RunTime:0.0003s ]
SQL: SHOW COLUMNS FROM `notes` [ RunTime:0.0007s ]
SQL: SELECT * FROM `notes` WHERE ( bookid = '1' and public = 1 ) ORDER BY create_time desc  [ RunTime:0.0004s ]
NOTIC: [4096] Object of class Home\Controller\NotesController could not be converted to string /var/www/Xitong/Application/Home/Controller/NotesController.class.php 第 46 行.
INFO: [ view_parse ] --START--
INFO: [ template_filter ] --START--
INFO: Run Behavior\ContentReplaceBehavior [ RunTime:0.000061s ]
INFO: [ template_filter ] --END-- [ RunTime:0.000129s ]
NOTIC: [8] Use of undefined constant username - assumed 'username' /var/www/Xitong/Application/Runtime/Cache/Home/41158c3fee0128cf822e518a0b2907ba.php 第 59 行.
NOTIC: [8] Use of undefined constant chapter - assumed 'chapter' /var/www/Xitong/Application/Runtime/Cache/Home/41158c3fee0128cf822e518a0b2907ba.php 第 60 行.
NOTIC: [8] Use of undefined constant page - assumed 'page' /var/www/Xitong/Application/Runtime/Cache/Home/41158c3fee0128cf822e518a0b2907ba.php 第 61 行.
NOTIC: [8] Use of undefined constant note - assumed 'note' /var/www/Xitong/Application/Runtime/Cache/Home/41158c3fee0128cf822e518a0b2907ba.php 第 64 行.
NOTIC: [8] Use of undefined constant photo - assumed 'photo' /var/www/Xitong/Application/Runtime/Cache/Home/41158c3fee0128cf822e518a0b2907ba.php 第 65 行.
NOTIC: [8] Use of undefined constant photo - assumed 'photo' /var/www/Xitong/Application/Runtime/Cache/Home/41158c3fee0128cf822e518a0b2907ba.php 第 65 行.
NOTIC: [8] Use of undefined constant photo - assumed 'photo' /var/www/Xitong/Application/Runtime/Cache/Home/41158c3fee0128cf822e518a0b2907ba.php 第 65 行.
NOTIC: [8] Use of undefined constant create_time - assumed 'create_time' /var/www/Xitong/Application/Runtime/Cache/Home/41158c3fee0128cf822e518a0b2907ba.php 第 66 行.
INFO: Run Behavior\ParseTemplateBehavior [ RunTime:0.005077s ]
INFO: [ view_parse ] --END-- [ RunTime:0.005140s ]
INFO: [ view_filter ] --START--
INFO: Run Behavior\WriteHtmlCacheBehavior [ RunTime:0.000064s ]
INFO: [ view_filter ] --END-- [ RunTime:0.000110s ]
INFO: [ app_end ] --START--
INFO: Run Behavior\ShowPageTraceBehavior [ RunTime:0.000065s ]
INFO: [ app_end ] --END-- [ RunTime:0.000113s ]

[ 2015-06-23T12:57:07+08:00 ] 127.0.0.1 /Xitong/
INFO: [ app_init ] --START--
INFO: Run Behavior\BuildLiteBehavior [ RunTime:0.000014s ]
INFO: [ app_init ] --END-- [ RunTime:0.000099s ]
INFO: [ app_begin ] --START--
INFO: Run Behavior\ReadHtmlCacheBehavior [ RunTime:0.000049s ]
INFO: [ app_begin ] --END-- [ RunTime:0.000093s ]

[ 2015-06-23T12:57:08+08:00 ] 127.0.0.1 /Xitong/index.php/Comments/comments.html
INFO: [ app_init ] --START--
INFO: Run Behavior\BuildLiteBehavior [ RunTime:0.000013s ]
INFO: [ app_init ] --END-- [ RunTime:0.000084s ]
INFO: [ app_begin ] --START--
INFO: Run Behavior\ReadHtmlCacheBehavior [ RunTime:0.000034s ]
INFO: [ app_begin ] --END-- [ RunTime:0.000068s ]
NOTIC: [4096] Object of class Home\Controller\CommentsController could not be converted to string /var/www/Xitong/Application/Home/Controller/CommentsController.class.php 第 29 行.
SQL: SHOW COLUMNS FROM `books` [ RunTime:0.0006s ]
SQL: SELECT * FROM `books` WHERE `id` = 1 LIMIT 1   [ RunTime:0.0001s ]
SQL: SHOW COLUMNS FROM `comments` [ RunTime:0.0005s ]
SQL: SELECT * FROM `comments` WHERE ( bookid = '1' ) ORDER BY create_time desc  [ RunTime:0.0001s ]
SQL: SHOW COLUMNS FROM `bookzan` [ RunTime:0.0004s ]
SQL: SELECT COUNT(*) AS tp_count FROM `bookzan` WHERE ( bookid = '1' ) LIMIT 1   [ RunTime:0.0001s ]
SQL: SELECT COUNT(*) AS tp_count FROM `bookzan` WHERE ( username = 'wanghao' ) LIMIT 1   [ RunTime:0.0001s ]
NOTIC: [8] Use of undefined constant comments - assumed 'comments' /var/www/Xitong/Application/Home/Controller/CommentsController.class.php 第 68 行.
INFO: [ view_parse ] --START--
INFO: [ template_filter ] --START--
INFO: Run Behavior\ContentReplaceBehavior [ RunTime:0.000055s ]
INFO: [ template_filter ] --END-- [ RunTime:0.000121s ]
NOTIC: [8] Use of undefined constant bookname - assumed 'bookname' /var/www/Xitong/Application/Runtime/Cache/Home/3c2d225e32d957828263d2fa9c9c1842.php 第 49 行.
NOTIC: [8] Use of undefined constant picture - assumed 'picture' /var/www/Xitong/Application/Runtime/Cache/Home/3c2d225e32d957828263d2fa9c9c1842.php 第 50 行.
NOTIC: [8] Use of undefined constant author - assumed 'author' /var/www/Xitong/Application/Runtime/Cache/Home/3c2d225e32d957828263d2fa9c9c1842.php 第 52 行.
NOTIC: [8] Use of undefined constant press - assumed 'press' /var/www/Xitong/Application/Runtime/Cache/Home/3c2d225e32d957828263d2fa9c9c1842.php 第 53 行.
NOTIC: [8] Use of undefined constant isbn - assumed 'isbn' /var/www/Xitong/Application/Runtime/Cache/Home/3c2d225e32d957828263d2fa9c9c1842.php 第 54 行.
NOTIC: [8] Use of undefined constant summary - assumed 'summary' /var/www/Xitong/Application/Runtime/Cache/Home/3c2d225e32d957828263d2fa9c9c1842.php 第 61 行.
NOTIC: [8] Use of undefined constant username - assumed 'username' /var/www/Xitong/Application/Runtime/Cache/Home/3c2d225e32d957828263d2fa9c9c1842.php 第 79 行.
NOTIC: [8] Use of undefined constant comment - assumed 'comment' /var/www/Xitong/Application/Runtime/Cache/Home/3c2d225e32d957828263d2fa9c9c1842.php 第 80 行.
NOTIC: [8] Use of undefined constant create_time - assumed 'create_time' /var/www/Xitong/Application/Runtime/Cache/Home/3c2d225e32d957828263d2fa9c9c1842.php 第 81 行.
NOTIC: [8] Use of undefined constant username - assumed 'username' /var/www/Xitong/Application/Runtime/Cache/Home/3c2d225e32d957828263d2fa9c9c1842.php 第 79 行.
NOTIC: [8] Use of undefined constant comment - assumed 'comment' /var/www/Xitong/Application/Runtime/Cache/Home/3c2d225e32d957828263d2fa9c9c1842.php 第 80 行.
NOTIC: [8] Use of undefined constant create_time - assumed 'create_time' /var/www/Xitong/Application/Runtime/Cache/Home/3c2d225e32d957828263d2fa9c9c1842.php 第 81 行.
INFO: Run Behavior\ParseTemplateBehavior [ RunTime:0.004327s ]
INFO: [ view_parse ] --END-- [ RunTime:0.004372s ]
INFO: [ view_filter ] --START--
INFO: Run Behavior\WriteHtmlCacheBehavior [ RunTime:0.000060s ]
INFO: [ view_filter ] --END-- [ RunTime:0.000092s ]
INFO: [ app_end ] --START--
INFO: Run Behavior\ShowPageTraceBehavior [ RunTime:0.000035s ]
INFO: [ app_end ] --END-- [ RunTime:0.000066s ]

[ 2015-06-23T13:17:46+08:00 ] 127.0.0.1 /Xitong/
INFO: [ app_init ] --START--
INFO: Run Behavior\BuildLiteBehavior [ RunTime:0.000031s ]
INFO: [ app_init ] --END-- [ RunTime:0.000212s ]
INFO: [ app_begin ] --START--
INFO: Run Behavior\ReadHtmlCacheBehavior [ RunTime:0.000096s ]
INFO: [ app_begin ] --END-- [ RunTime:0.000191s ]

[ 2015-06-23T13:17:46+08:00 ] 127.0.0.1 /Xitong/index.php/Comments/comments.html
INFO: [ app_init ] --START--
INFO: Run Behavior\BuildLiteBehavior [ RunTime:0.000013s ]
INFO: [ app_init ] --END-- [ RunTime:0.000084s ]
INFO: [ app_begin ] --START--
INFO: Run Behavior\ReadHtmlCacheBehavior [ RunTime:0.000036s ]
INFO: [ app_begin ] --END-- [ RunTime:0.000085s ]
NOTIC: [4096] Object of class Home\Controller\CommentsController could not be converted to string /var/www/Xitong/Application/Home/Controller/CommentsController.class.php 第 29 行.
SQL: SHOW COLUMNS FROM `books` [ RunTime:0.0010s ]
SQL: SELECT * FROM `books` WHERE `id` = 1 LIMIT 1   [ RunTime:0.0001s ]
SQL: SHOW COLUMNS FROM `comments` [ RunTime:0.0007s ]
SQL: SELECT * FROM `comments` WHERE ( bookid = '1' ) ORDER BY create_time desc  [ RunTime:0.0002s ]
SQL: SHOW COLUMNS FROM `bookzan` [ RunTime:0.0007s ]
SQL: SELECT COUNT(*) AS tp_count FROM `bookzan` WHERE ( bookid = '1' ) LIMIT 1   [ RunTime:0.0002s ]
SQL: SELECT COUNT(*) AS tp_count FROM `bookzan` WHERE ( username = 'wanghao' ) LIMIT 1   [ RunTime:0.0000s ]
NOTIC: [8] Use of undefined constant comments - assumed 'comments' /var/www/Xitong/Application/Home/Controller/CommentsController.class.php 第 68 行.
INFO: [ view_parse ] --START--
INFO: [ template_filter ] --START--
INFO: Run Behavior\ContentReplaceBehavior [ RunTime:0.000060s ]
INFO: [ template_filter ] --END-- [ RunTime:0.000113s ]
NOTIC: [8] Use of undefined constant bookname - assumed 'bookname' /var/www/Xitong/Application/Runtime/Cache/Home/3c2d225e32d957828263d2fa9c9c1842.php 第 49 行.
NOTIC: [8] Use of undefined constant picture - assumed 'picture' /var/www/Xitong/Application/Runtime/Cache/Home/3c2d225e32d957828263d2fa9c9c1842.php 第 50 行.
NOTIC: [8] Use of undefined constant author - assumed 'author' /var/www/Xitong/Application/Runtime/Cache/Home/3c2d225e32d957828263d2fa9c9c1842.php 第 52 行.
NOTIC: [8] Use of undefined constant press - assumed 'press' /var/www/Xitong/Application/Runtime/Cache/Home/3c2d225e32d957828263d2fa9c9c1842.php 第 53 行.
NOTIC: [8] Use of undefined constant isbn - assumed 'isbn' /var/www/Xitong/Application/Runtime/Cache/Home/3c2d225e32d957828263d2fa9c9c1842.php 第 54 行.
NOTIC: [8] Use of undefined constant summary - assumed 'summary' /var/www/Xitong/Application/Runtime/Cache/Home/3c2d225e32d957828263d2fa9c9c1842.php 第 61 行.
NOTIC: [8] Use of undefined constant username - assumed 'username' /var/www/Xitong/Application/Runtime/Cache/Home/3c2d225e32d957828263d2fa9c9c1842.php 第 79 行.
NOTIC: [8] Use of undefined constant comment - assumed 'comment' /var/www/Xitong/Application/Runtime/Cache/Home/3c2d225e32d957828263d2fa9c9c1842.php 第 80 行.
NOTIC: [8] Use of undefined constant create_time - assumed 'create_time' /var/www/Xitong/Application/Runtime/Cache/Home/3c2d225e32d957828263d2fa9c9c1842.php 第 81 行.
NOTIC: [8] Use of undefined constant username - assumed 'username' /var/www/Xitong/Application/Runtime/Cache/Home/3c2d225e32d957828263d2fa9c9c1842.php 第 79 行.
NOTIC: [8] Use of undefined constant comment - assumed 'comment' /var/www/Xitong/Application/Runtime/Cache/Home/3c2d225e32d957828263d2fa9c9c1842.php 第 80 行.
NOTIC: [8] Use of undefined constant create_time - assumed 'create_time' /var/www/Xitong/Application/Runtime/Cache/Home/3c2d225e32d957828263d2fa9c9c1842.php 第 81 行.
INFO: Run Behavior\ParseTemplateBehavior [ RunTime:0.004279s ]
INFO: [ view_parse ] --END-- [ RunTime:0.004320s ]
INFO: [ view_filter ] --START--
INFO: Run Behavior\WriteHtmlCacheBehavior [ RunTime:0.000053s ]
INFO: [ view_filter ] --END-- [ RunTime:0.000092s ]
INFO: [ app_end ] --START--
INFO: Run Behavior\ShowPageTraceBehavior [ RunTime:0.000047s ]
INFO: [ app_end ] --END-- [ RunTime:0.000090s ]

[ 2015-06-23T13:36:22+08:00 ] 127.0.0.1 /Xitong/index.php/Notes/bookAllNotes.html
INFO: [ app_init ] --START--
INFO: Run Behavior\BuildLiteBehavior [ RunTime:0.000058s ]
INFO: [ app_init ] --END-- [ RunTime:0.000405s ]
INFO: [ app_begin ] --START--
INFO: Run Behavior\ReadHtmlCacheBehavior [ RunTime:0.000055s ]
INFO: [ app_begin ] --END-- [ RunTime:0.000102s ]
SQL: SHOW COLUMNS FROM `books` [ RunTime:0.0008s ]
SQL: SELECT * FROM `books` WHERE `id` = 1 LIMIT 1   [ RunTime:0.0003s ]
SQL: SHOW COLUMNS FROM `notes` [ RunTime:0.0012s ]
SQL: SELECT * FROM `notes` WHERE ( bookid = '1' and public = 1 ) ORDER BY create_time desc  [ RunTime:0.0001s ]
NOTIC: [4096] Object of class Home\Controller\NotesController could not be converted to string /var/www/Xitong/Application/Home/Controller/NotesController.class.php 第 46 行.
INFO: [ view_parse ] --START--
INFO: [ template_filter ] --START--
INFO: Run Behavior\ContentReplaceBehavior [ RunTime:0.000040s ]
INFO: [ template_filter ] --END-- [ RunTime:0.000079s ]
INFO: Run Behavior\ParseTemplateBehavior [ RunTime:0.002866s ]
INFO: [ view_parse ] --END-- [ RunTime:0.002904s ]
INFO: [ view_filter ] --START--
INFO: Run Behavior\WriteHtmlCacheBehavior [ RunTime:0.000039s ]
INFO: [ view_filter ] --END-- [ RunTime:0.000065s ]
INFO: [ app_end ] --START--
INFO: Run Behavior\ShowPageTraceBehavior [ RunTime:0.000037s ]
INFO: [ app_end ] --END-- [ RunTime:0.000064s ]

[ 2015-06-23T13:47:23+08:00 ] 127.0.0.1 /Xitong/index.php/
INFO: [ app_init ] --START--
INFO: Run Behavior\BuildLiteBehavior [ RunTime:0.000015s ]
INFO: [ app_init ] --END-- [ RunTime:0.000114s ]
INFO: [ app_begin ] --START--
INFO: Run Behavior\ReadHtmlCacheBehavior [ RunTime:0.000034s ]
INFO: [ app_begin ] --END-- [ RunTime:0.000065s ]

[ 2015-06-23T13:47:23+08:00 ] 127.0.0.1 /Xitong/index.php/Comments/comments.html
INFO: [ app_init ] --START--
INFO: Run Behavior\BuildLiteBehavior [ RunTime:0.000009s ]
INFO: [ app_init ] --END-- [ RunTime:0.000062s ]
INFO: [ app_begin ] --START--
INFO: Run Behavior\ReadHtmlCacheBehavior [ RunTime:0.000026s ]
INFO: [ app_begin ] --END-- [ RunTime:0.000061s ]
NOTIC: [4096] Object of class Home\Controller\CommentsController could not be converted to string /var/www/Xitong/Application/Home/Controller/CommentsController.class.php 第 29 行.
SQL: SHOW COLUMNS FROM `books` [ RunTime:0.0006s ]
SQL: SELECT * FROM `books` WHERE `id` = '13' LIMIT 1   [ RunTime:0.0001s ]
SQL: SHOW COLUMNS FROM `comments` [ RunTime:0.0011s ]
SQL: SELECT * FROM `comments` WHERE ( bookid = '13' ) ORDER BY create_time desc  [ RunTime:0.0001s ]
SQL: SHOW COLUMNS FROM `bookzan` [ RunTime:0.0005s ]
SQL: SELECT COUNT(*) AS tp_count FROM `bookzan` WHERE ( bookid = '13' ) LIMIT 1   [ RunTime:0.0001s ]
SQL: SELECT COUNT(*) AS tp_count FROM `bookzan` WHERE ( username = 'wanghao' ) LIMIT 1   [ RunTime:0.0001s ]
NOTIC: [8] Use of undefined constant comments - assumed 'comments' /var/www/Xitong/Application/Home/Controller/CommentsController.class.php 第 68 行.
INFO: [ view_parse ] --START--
INFO: [ template_filter ] --START--
INFO: Run Behavior\ContentReplaceBehavior [ RunTime:0.000036s ]
INFO: [ template_filter ] --END-- [ RunTime:0.000067s ]
NOTIC: [8] Use of undefined constant bookname - assumed 'bookname' /var/www/Xitong/Application/Runtime/Cache/Home/3c2d225e32d957828263d2fa9c9c1842.php 第 49 行.
NOTIC: [8] Use of undefined constant picture - assumed 'picture' /var/www/Xitong/Application/Runtime/Cache/Home/3c2d225e32d957828263d2fa9c9c1842.php 第 50 行.
NOTIC: [8] Use of undefined constant picture - assumed 'picture' /var/www/Xitong/Application/Runtime/Cache/Home/3c2d225e32d957828263d2fa9c9c1842.php 第 50 行.
NOTIC: [8] Use of undefined constant picture - assumed 'picture' /var/www/Xitong/Application/Runtime/Cache/Home/3c2d225e32d957828263d2fa9c9c1842.php 第 50 行.
NOTIC: [8] Use of undefined constant author - assumed 'author' /var/www/Xitong/Application/Runtime/Cache/Home/3c2d225e32d957828263d2fa9c9c1842.php 第 52 行.
NOTIC: [8] Use of undefined constant press - assumed 'press' /var/www/Xitong/Application/Runtime/Cache/Home/3c2d225e32d957828263d2fa9c9c1842.php 第 53 行.
NOTIC: [8] Use of undefined constant isbn - assumed 'isbn' /var/www/Xitong/Application/Runtime/Cache/Home/3c2d225e32d957828263d2fa9c9c1842.php 第 54 行.
NOTIC: [8] Use of undefined constant summary - assumed 'summary' /var/www/Xitong/Application/Runtime/Cache/Home/3c2d225e32d957828263d2fa9c9c1842.php 第 61 行.
INFO: Run Behavior\ParseTemplateBehavior [ RunTime:0.002590s ]
INFO: [ view_parse ] --END-- [ RunTime:0.002622s ]
INFO: [ view_filter ] --START--
INFO: Run Behavior\WriteHtmlCacheBehavior [ RunTime:0.000037s ]
INFO: [ view_filter ] --END-- [ RunTime:0.000059s ]
INFO: [ app_end ] --START--
INFO: Run Behavior\ShowPageTraceBehavior [ RunTime:0.000063s ]
INFO: [ app_end ] --END-- [ RunTime:0.000126s ]

[ 2015-06-23T13:47:23+08:00 ] 127.0.0.1 /Xitong/index.php/Comments/5588ec3bb9011.jpg
INFO: [ app_init ] --START--
INFO: Run Behavior\BuildLiteBehavior [ RunTime:0.000009s ]
INFO: [ app_init ] --END-- [ RunTime:0.000059s ]

[ 2015-06-23T13:47:25+08:00 ] 127.0.0.1 /Xitong/index.php/Comments/comments.html
INFO: [ app_init ] --START--
INFO: Run Behavior\BuildLiteBehavior [ RunTime:0.000029s ]
INFO: [ app_init ] --END-- [ RunTime:0.000185s ]
INFO: [ app_begin ] --START--
INFO: Run Behavior\ReadHtmlCacheBehavior [ RunTime:0.000058s ]
INFO: [ app_begin ] --END-- [ RunTime:0.000125s ]
NOTIC: [4096] Object of class Home\Controller\CommentsController could not be converted to string /var/www/Xitong/Application/Home/Controller/CommentsController.class.php 第 29 行.
SQL: SHOW COLUMNS FROM `books` [ RunTime:0.0010s ]
SQL: SELECT * FROM `books` WHERE `id` = '13' LIMIT 1   [ RunTime:0.0002s ]
SQL: SHOW COLUMNS FROM `comments` [ RunTime:0.0007s ]
SQL: SELECT * FROM `comments` WHERE ( bookid = '13' ) ORDER BY create_time desc  [ RunTime:0.0001s ]
SQL: SHOW COLUMNS FROM `bookzan` [ RunTime:0.0006s ]
SQL: SELECT COUNT(*) AS tp_count FROM `bookzan` WHERE ( bookid = '13' ) LIMIT 1   [ RunTime:0.0001s ]
SQL: SELECT COUNT(*) AS tp_count FROM `bookzan` WHERE ( username = 'wanghao' ) LIMIT 1   [ RunTime:0.0001s ]
NOTIC: [8] Use of undefined constant comments - assumed 'comments' /var/www/Xitong/Application/Home/Controller/CommentsController.class.php 第 68 行.
INFO: [ view_parse ] --START--
INFO: [ template_filter ] --START--
INFO: Run Behavior\ContentReplaceBehavior [ RunTime:0.000050s ]
INFO: [ template_filter ] --END-- [ RunTime:0.000107s ]
NOTIC: [8] Use of undefined constant bookname - assumed 'bookname' /var/www/Xitong/Application/Runtime/Cache/Home/3c2d225e32d957828263d2fa9c9c1842.php 第 49 行.
NOTIC: [8] Use of undefined constant picture - assumed 'picture' /var/www/Xitong/Application/Runtime/Cache/Home/3c2d225e32d957828263d2fa9c9c1842.php 第 50 行.
NOTIC: [8] Use of undefined constant picture - assumed 'picture' /var/www/Xitong/Application/Runtime/Cache/Home/3c2d225e32d957828263d2fa9c9c1842.php 第 50 行.
NOTIC: [8] Use of undefined constant picture - assumed 'picture' /var/www/Xitong/Application/Runtime/Cache/Home/3c2d225e32d957828263d2fa9c9c1842.php 第 50 行.
NOTIC: [8] Use of undefined constant author - assumed 'author' /var/www/Xitong/Application/Runtime/Cache/Home/3c2d225e32d957828263d2fa9c9c1842.php 第 52 行.
NOTIC: [8] Use of undefined constant press - assumed 'press' /var/www/Xitong/Application/Runtime/Cache/Home/3c2d225e32d957828263d2fa9c9c1842.php 第 53 行.
NOTIC: [8] Use of undefined constant isbn - assumed 'isbn' /var/www/Xitong/Application/Runtime/Cache/Home/3c2d225e32d957828263d2fa9c9c1842.php 第 54 行.
NOTIC: [8] Use of undefined constant summary - assumed 'summary' /var/www/Xitong/Application/Runtime/Cache/Home/3c2d225e32d957828263d2fa9c9c1842.php 第 61 行.
INFO: Run Behavior\ParseTemplateBehavior [ RunTime:0.004073s ]
INFO: [ view_parse ] --END-- [ RunTime:0.004133s ]
INFO: [ view_filter ] --START--
INFO: Run Behavior\WriteHtmlCacheBehavior [ RunTime:0.000047s ]
INFO: [ view_filter ] --END-- [ RunTime:0.000081s ]
INFO: [ app_end ] --START--
INFO: Run Behavior\ShowPageTraceBehavior [ RunTime:0.000031s ]
INFO: [ app_end ] --END-- [ RunTime:0.000066s ]

[ 2015-06-23T13:47:25+08:00 ] 127.0.0.1 /Xitong/index.php/Comments/5588ec3bb9011.jpg
INFO: [ app_init ] --START--
INFO: Run Behavior\BuildLiteBehavior [ RunTime:0.000021s ]
INFO: [ app_init ] --END-- [ RunTime:0.000172s ]

[ 2015-06-23T13:47:25+08:00 ] 127.0.0.1 /Xitong/index.php/Comments/5588ec3bb9011.jpg
INFO: [ app_init ] --START--
INFO: Run Behavior\BuildLiteBehavior [ RunTime:0.000012s ]
INFO: [ app_init ] --END-- [ RunTime:0.000089s ]

[ 2015-06-23T13:47:25+08:00 ] 127.0.0.1 /Xitong/index.php/Comments/comments.html
INFO: [ app_init ] --START--
INFO: Run Behavior\BuildLiteBehavior [ RunTime:0.000020s ]
INFO: [ app_init ] --END-- [ RunTime:0.000097s ]
INFO: [ app_begin ] --START--
INFO: Run Behavior\ReadHtmlCacheBehavior [ RunTime:0.000059s ]
INFO: [ app_begin ] --END-- [ RunTime:0.000132s ]
NOTIC: [4096] Object of class Home\Controller\CommentsController could not be converted to string /var/www/Xitong/Application/Home/Controller/CommentsController.class.php 第 29 行.
SQL: SHOW COLUMNS FROM `books` [ RunTime:0.0009s ]
SQL: SELECT * FROM `books` WHERE `id` = '13' LIMIT 1   [ RunTime:0.0001s ]
SQL: SHOW COLUMNS FROM `comments` [ RunTime:0.0008s ]
SQL: SELECT * FROM `comments` WHERE ( bookid = '13' ) ORDER BY create_time desc  [ RunTime:0.0001s ]
SQL: SHOW COLUMNS FROM `bookzan` [ RunTime:0.0007s ]
SQL: SELECT COUNT(*) AS tp_count FROM `bookzan` WHERE ( bookid = '13' ) LIMIT 1   [ RunTime:0.0004s ]
SQL: SELECT COUNT(*) AS tp_count FROM `bookzan` WHERE ( username = 'wanghao' ) LIMIT 1   [ RunTime:0.0001s ]
NOTIC: [8] Use of undefined constant comments - assumed 'comments' /var/www/Xitong/Application/Home/Controller/CommentsController.class.php 第 68 行.
INFO: [ view_parse ] --START--
INFO: [ template_filter ] --START--
INFO: Run Behavior\ContentReplaceBehavior [ RunTime:0.000051s ]
INFO: [ template_filter ] --END-- [ RunTime:0.000104s ]
NOTIC: [8] Use of undefined constant bookname - assumed 'bookname' /var/www/Xitong/Application/Runtime/Cache/Home/3c2d225e32d957828263d2fa9c9c1842.php 第 49 行.
NOTIC: [8] Use of undefined constant picture - assumed 'picture' /var/www/Xitong/Application/Runtime/Cache/Home/3c2d225e32d957828263d2fa9c9c1842.php 第 50 行.
NOTIC: [8] Use of undefined constant picture - assumed 'picture' /var/www/Xitong/Application/Runtime/Cache/Home/3c2d225e32d957828263d2fa9c9c1842.php 第 50 行.
NOTIC: [8] Use of undefined constant picture - assumed 'picture' /var/www/Xitong/Application/Runtime/Cache/Home/3c2d225e32d957828263d2fa9c9c1842.php 第 50 行.
NOTIC: [8] Use of undefined constant author - assumed 'author' /var/www/Xitong/Application/Runtime/Cache/Home/3c2d225e32d957828263d2fa9c9c1842.php 第 52 行.
NOTIC: [8] Use of undefined constant press - assumed 'press' /var/www/Xitong/Application/Runtime/Cache/Home/3c2d225e32d957828263d2fa9c9c1842.php 第 53 行.
NOTIC: [8] Use of undefined constant isbn - assumed 'isbn' /var/www/Xitong/Application/Runtime/Cache/Home/3c2d225e32d957828263d2fa9c9c1842.php 第 54 行.
NOTIC: [8] Use of undefined constant summary - assumed 'summary' /var/www/Xitong/Application/Runtime/Cache/Home/3c2d225e32d957828263d2fa9c9c1842.php 第 61 行.
INFO: Run Behavior\ParseTemplateBehavior [ RunTime:0.004078s ]
INFO: [ view_parse ] --END-- [ RunTime:0.004113s ]
INFO: [ view_filter ] --START--
INFO: Run Behavior\WriteHtmlCacheBehavior [ RunTime:0.000047s ]
INFO: [ view_filter ] --END-- [ RunTime:0.000080s ]
INFO: [ app_end ] --START--
INFO: Run Behavior\ShowPageTraceBehavior [ RunTime:0.000032s ]
INFO: [ app_end ] --END-- [ RunTime:0.000065s ]

[ 2015-06-23T13:47:25+08:00 ] 127.0.0.1 /Xitong/index.php/Comments/5588ec3bb9011.jpg
INFO: [ app_init ] --START--
INFO: Run Behavior\BuildLiteBehavior [ RunTime:0.000012s ]
INFO: [ app_init ] --END-- [ RunTime:0.000080s ]

[ 2015-06-23T13:47:25+08:00 ] 127.0.0.1 /Xitong/index.php/Comments/5588ec3bb9011.jpg
INFO: [ app_init ] --START--
INFO: Run Behavior\BuildLiteBehavior [ RunTime:0.000009s ]
INFO: [ app_init ] --END-- [ RunTime:0.000060s ]

[ 2015-06-23T13:47:25+08:00 ] 127.0.0.1 /Xitong/index.php/Comments/comments.html
INFO: [ app_init ] --START--
INFO: Run Behavior\BuildLiteBehavior [ RunTime:0.000019s ]
INFO: [ app_init ] --END-- [ RunTime:0.000117s ]
INFO: [ app_begin ] --START--
INFO: Run Behavior\ReadHtmlCacheBehavior [ RunTime:0.000040s ]
INFO: [ app_begin ] --END-- [ RunTime:0.000085s ]
NOTIC: [4096] Object of class Home\Controller\CommentsController could not be converted to string /var/www/Xitong/Application/Home/Controller/CommentsController.class.php 第 29 行.
SQL: SHOW COLUMNS FROM `books` [ RunTime:0.0013s ]
SQL: SELECT * FROM `books` WHERE `id` = '13' LIMIT 1   [ RunTime:0.0002s ]
SQL: SHOW COLUMNS FROM `comments` [ RunTime:0.0013s ]
SQL: SELECT * FROM `comments` WHERE ( bookid = '13' ) ORDER BY create_time desc  [ RunTime:0.0001s ]
SQL: SHOW COLUMNS FROM `bookzan` [ RunTime:0.0013s ]
SQL: SELECT COUNT(*) AS tp_count FROM `bookzan` WHERE ( bookid = '13' ) LIMIT 1   [ RunTime:0.0001s ]
SQL: SELECT COUNT(*) AS tp_count FROM `bookzan` WHERE ( username = 'wanghao' ) LIMIT 1   [ RunTime:0.0001s ]
NOTIC: [8] Use of undefined constant comments - assumed 'comments' /var/www/Xitong/Application/Home/Controller/CommentsController.class.php 第 68 行.
INFO: [ view_parse ] --START--
INFO: [ template_filter ] --START--
INFO: Run Behavior\ContentReplaceBehavior [ RunTime:0.000070s ]
INFO: [ template_filter ] --END-- [ RunTime:0.000144s ]
NOTIC: [8] Use of undefined constant bookname - assumed 'bookname' /var/www/Xitong/Application/Runtime/Cache/Home/3c2d225e32d957828263d2fa9c9c1842.php 第 49 行.
NOTIC: [8] Use of undefined constant picture - assumed 'picture' /var/www/Xitong/Application/Runtime/Cache/Home/3c2d225e32d957828263d2fa9c9c1842.php 第 50 行.
NOTIC: [8] Use of undefined constant picture - assumed 'picture' /var/www/Xitong/Application/Runtime/Cache/Home/3c2d225e32d957828263d2fa9c9c1842.php 第 50 行.
NOTIC: [8] Use of undefined constant picture - assumed 'picture' /var/www/Xitong/Application/Runtime/Cache/Home/3c2d225e32d957828263d2fa9c9c1842.php 第 50 行.
NOTIC: [8] Use of undefined constant author - assumed 'author' /var/www/Xitong/Application/Runtime/Cache/Home/3c2d225e32d957828263d2fa9c9c1842.php 第 52 行.
NOTIC: [8] Use of undefined constant press - assumed 'press' /var/www/Xitong/Application/Runtime/Cache/Home/3c2d225e32d957828263d2fa9c9c1842.php 第 53 行.
NOTIC: [8] Use of undefined constant isbn - assumed 'isbn' /var/www/Xitong/Application/Runtime/Cache/Home/3c2d225e32d957828263d2fa9c9c1842.php 第 54 行.
NOTIC: [8] Use of undefined constant summary - assumed 'summary' /var/www/Xitong/Application/Runtime/Cache/Home/3c2d225e32d957828263d2fa9c9c1842.php 第 61 行.
INFO: Run Behavior\ParseTemplateBehavior [ RunTime:0.006099s ]
INFO: [ view_parse ] --END-- [ RunTime:0.006153s ]
INFO: [ view_filter ] --START--
INFO: Run Behavior\WriteHtmlCacheBehavior [ RunTime:0.000052s ]
INFO: [ view_filter ] --END-- [ RunTime:0.000098s ]
INFO: [ app_end ] --START--
INFO: Run Behavior\ShowPageTraceBehavior [ RunTime:0.000044s ]
INFO: [ app_end ] --END-- [ RunTime:0.000091s ]

[ 2015-06-23T13:47:25+08:00 ] 127.0.0.1 /Xitong/index.php/Comments/5588ec3bb9011.jpg
INFO: [ app_init ] --START--
INFO: Run Behavior\BuildLiteBehavior [ RunTime:0.000017s ]
INFO: [ app_init ] --END-- [ RunTime:0.000111s ]

[ 2015-06-23T13:47:25+08:00 ] 127.0.0.1 /Xitong/index.php/Comments/5588ec3bb9011.jpg
INFO: [ app_init ] --START--
INFO: Run Behavior\BuildLiteBehavior [ RunTime:0.000010s ]
INFO: [ app_init ] --END-- [ RunTime:0.000060s ]

[ 2015-06-23T13:47:25+08:00 ] 127.0.0.1 /Xitong/index.php/Comments/comments.html
INFO: [ app_init ] --START--
INFO: Run Behavior\BuildLiteBehavior [ RunTime:0.000020s ]
INFO: [ app_init ] --END-- [ RunTime:0.000122s ]
INFO: [ app_begin ] --START--
INFO: Run Behavior\ReadHtmlCacheBehavior [ RunTime:0.000135s ]
INFO: [ app_begin ] --END-- [ RunTime:0.000285s ]
NOTIC: [4096] Object of class Home\Controller\CommentsController could not be converted to string /var/www/Xitong/Application/Home/Controller/CommentsController.class.php 第 29 行.
SQL: SHOW COLUMNS FROM `books` [ RunTime:0.0009s ]
SQL: SELECT * FROM `books` WHERE `id` = '13' LIMIT 1   [ RunTime:0.0001s ]
SQL: SHOW COLUMNS FROM `comments` [ RunTime:0.0005s ]
SQL: SELECT * FROM `comments` WHERE ( bookid = '13' ) ORDER BY create_time desc  [ RunTime:0.0001s ]
SQL: SHOW COLUMNS FROM `bookzan` [ RunTime:0.0004s ]
SQL: SELECT COUNT(*) AS tp_count FROM `bookzan` WHERE ( bookid = '13' ) LIMIT 1   [ RunTime:0.0001s ]
SQL: SELECT COUNT(*) AS tp_count FROM `bookzan` WHERE ( username = 'wanghao' ) LIMIT 1   [ RunTime:0.0001s ]
NOTIC: [8] Use of undefined constant comments - assumed 'comments' /var/www/Xitong/Application/Home/Controller/CommentsController.class.php 第 68 行.
INFO: [ view_parse ] --START--
INFO: [ template_filter ] --START--
INFO: Run Behavior\ContentReplaceBehavior [ RunTime:0.000045s ]
INFO: [ template_filter ] --END-- [ RunTime:0.000090s ]
NOTIC: [8] Use of undefined constant bookname - assumed 'bookname' /var/www/Xitong/Application/Runtime/Cache/Home/3c2d225e32d957828263d2fa9c9c1842.php 第 49 行.
NOTIC: [8] Use of undefined constant picture - assumed 'picture' /var/www/Xitong/Application/Runtime/Cache/Home/3c2d225e32d957828263d2fa9c9c1842.php 第 50 行.
NOTIC: [8] Use of undefined constant picture - assumed 'picture' /var/www/Xitong/Application/Runtime/Cache/Home/3c2d225e32d957828263d2fa9c9c1842.php 第 50 行.
NOTIC: [8] Use of undefined constant picture - assumed 'picture' /var/www/Xitong/Application/Runtime/Cache/Home/3c2d225e32d957828263d2fa9c9c1842.php 第 50 行.
NOTIC: [8] Use of undefined constant author - assumed 'author' /var/www/Xitong/Application/Runtime/Cache/Home/3c2d225e32d957828263d2fa9c9c1842.php 第 52 行.
NOTIC: [8] Use of undefined constant press - assumed 'press' /var/www/Xitong/Application/Runtime/Cache/Home/3c2d225e32d957828263d2fa9c9c1842.php 第 53 行.
NOTIC: [8] Use of undefined constant isbn - assumed 'isbn' /var/www/Xitong/Application/Runtime/Cache/Home/3c2d225e32d957828263d2fa9c9c1842.php 第 54 行.
NOTIC: [8] Use of undefined constant summary - assumed 'summary' /var/www/Xitong/Application/Runtime/Cache/Home/3c2d225e32d957828263d2fa9c9c1842.php 第 61 行.
INFO: Run Behavior\ParseTemplateBehavior [ RunTime:0.003470s ]
INFO: [ view_parse ] --END-- [ RunTime:0.003509s ]
INFO: [ view_filter ] --START--
INFO: Run Behavior\WriteHtmlCacheBehavior [ RunTime:0.000036s ]
INFO: [ view_filter ] --END-- [ RunTime:0.000067s ]
INFO: [ app_end ] --START--
INFO: Run Behavior\ShowPageTraceBehavior [ RunTime:0.000031s ]
INFO: [ app_end ] --END-- [ RunTime:0.000064s ]

[ 2015-06-23T13:47:25+08:00 ] 127.0.0.1 /Xitong/index.php/Comments/5588ec3bb9011.jpg
INFO: [ app_init ] --START--
INFO: Run Behavior\BuildLiteBehavior [ RunTime:0.000014s ]
INFO: [ app_init ] --END-- [ RunTime:0.000093s ]

[ 2015-06-23T13:47:25+08:00 ] 127.0.0.1 /Xitong/index.php/Comments/5588ec3bb9011.jpg
INFO: [ app_init ] --START--
INFO: Run Behavior\BuildLiteBehavior [ RunTime:0.000013s ]
INFO: [ app_init ] --END-- [ RunTime:0.000092s ]

[ 2015-06-23T13:47:25+08:00 ] 127.0.0.1 /Xitong/index.php/Comments/comments.html
INFO: [ app_init ] --START--
INFO: Run Behavior\BuildLiteBehavior [ RunTime:0.000012s ]
INFO: [ app_init ] --END-- [ RunTime:0.000081s ]
INFO: [ app_begin ] --START--
INFO: Run Behavior\ReadHtmlCacheBehavior [ RunTime:0.000034s ]
INFO: [ app_begin ] --END-- [ RunTime:0.000072s ]
NOTIC: [4096] Object of class Home\Controller\CommentsController could not be converted to string /var/www/Xitong/Application/Home/Controller/CommentsController.class.php 第 29 行.
SQL: SHOW COLUMNS FROM `books` [ RunTime:0.0007s ]
SQL: SELECT * FROM `books` WHERE `id` = '13' LIMIT 1   [ RunTime:0.0001s ]
SQL: SHOW COLUMNS FROM `comments` [ RunTime:0.0005s ]
SQL: SELECT * FROM `comments` WHERE ( bookid = '13' ) ORDER BY create_time desc  [ RunTime:0.0001s ]
SQL: SHOW COLUMNS FROM `bookzan` [ RunTime:0.0006s ]
SQL: SELECT COUNT(*) AS tp_count FROM `bookzan` WHERE ( bookid = '13' ) LIMIT 1   [ RunTime:0.0001s ]
SQL: SELECT COUNT(*) AS tp_count FROM `bookzan` WHERE ( username = 'wanghao' ) LIMIT 1   [ RunTime:0.0001s ]
NOTIC: [8] Use of undefined constant comments - assumed 'comments' /var/www/Xitong/Application/Home/Controller/CommentsController.class.php 第 68 行.
INFO: [ view_parse ] --START--
INFO: [ template_filter ] --START--
INFO: Run Behavior\ContentReplaceBehavior [ RunTime:0.000040s ]
INFO: [ template_filter ] --END-- [ RunTime:0.000086s ]
NOTIC: [8] Use of undefined constant bookname - assumed 'bookname' /var/www/Xitong/Application/Runtime/Cache/Home/3c2d225e32d957828263d2fa9c9c1842.php 第 49 行.
NOTIC: [8] Use of undefined constant picture - assumed 'picture' /var/www/Xitong/Application/Runtime/Cache/Home/3c2d225e32d957828263d2fa9c9c1842.php 第 50 行.
NOTIC: [8] Use of undefined constant picture - assumed 'picture' /var/www/Xitong/Application/Runtime/Cache/Home/3c2d225e32d957828263d2fa9c9c1842.php 第 50 行.
NOTIC: [8] Use of undefined constant picture - assumed 'picture' /var/www/Xitong/Application/Runtime/Cache/Home/3c2d225e32d957828263d2fa9c9c1842.php 第 50 行.
NOTIC: [8] Use of undefined constant author - assumed 'author' /var/www/Xitong/Application/Runtime/Cache/Home/3c2d225e32d957828263d2fa9c9c1842.php 第 52 行.
NOTIC: [8] Use of undefined constant press - assumed 'press' /var/www/Xitong/Application/Runtime/Cache/Home/3c2d225e32d957828263d2fa9c9c1842.php 第 53 行.
NOTIC: [8] Use of undefined constant isbn - assumed 'isbn' /var/www/Xitong/Application/Runtime/Cache/Home/3c2d225e32d957828263d2fa9c9c1842.php 第 54 行.
NOTIC: [8] Use of undefined constant summary - assumed 'summary' /var/www/Xitong/Application/Runtime/Cache/Home/3c2d225e32d957828263d2fa9c9c1842.php 第 61 行.
INFO: Run Behavior\ParseTemplateBehavior [ RunTime:0.004491s ]
INFO: [ view_parse ] --END-- [ RunTime:0.004583s ]
INFO: [ view_filter ] --START--
INFO: Run Behavior\WriteHtmlCacheBehavior [ RunTime:0.000154s ]
INFO: [ view_filter ] --END-- [ RunTime:0.000218s ]
INFO: [ app_end ] --START--
INFO: Run Behavior\ShowPageTraceBehavior [ RunTime:0.000060s ]
INFO: [ app_end ] --END-- [ RunTime:0.000119s ]

[ 2015-06-23T13:47:25+08:00 ] 127.0.0.1 /Xitong/index.php/Comments/5588ec3bb9011.jpg
INFO: [ app_init ] --START--
INFO: Run Behavior\BuildLiteBehavior [ RunTime:0.000015s ]
INFO: [ app_init ] --END-- [ RunTime:0.000095s ]

[ 2015-06-23T13:47:25+08:00 ] 127.0.0.1 /Xitong/index.php/Comments/5588ec3bb9011.jpg
INFO: [ app_init ] --START--
INFO: Run Behavior\BuildLiteBehavior [ RunTime:0.000009s ]
INFO: [ app_init ] --END-- [ RunTime:0.000059s ]

[ 2015-06-23T13:47:28+08:00 ] 127.0.0.1 /Xitong/index.php/Home/Comments/addComment
INFO: [ app_init ] --START--
INFO: Run Behavior\BuildLiteBehavior [ RunTime:0.000011s ]
INFO: [ app_init ] --END-- [ RunTime:0.000070s ]
INFO: [ app_begin ] --START--
INFO: Run Behavior\ReadHtmlCacheBehavior [ RunTime:0.000032s ]
INFO: [ app_begin ] --END-- [ RunTime:0.000061s ]
SQL: SHOW COLUMNS FROM `comments` [ RunTime:0.0018s ]
SQL: INSERT INTO `comments` (`comment`,`create_time`,`bookid`,`username`) VALUES ('weqw','1435038448','13','wanghao') [ RunTime:0.0007s ]

[ 2015-06-23T13:47:28+08:00 ] 127.0.0.1 /Xitong/index.php/Comments/comments.html
INFO: [ app_init ] --START--
INFO: Run Behavior\BuildLiteBehavior [ RunTime:0.000023s ]
INFO: [ app_init ] --END-- [ RunTime:0.000178s ]
INFO: [ app_begin ] --START--
INFO: Run Behavior\ReadHtmlCacheBehavior [ RunTime:0.000047s ]
INFO: [ app_begin ] --END-- [ RunTime:0.000105s ]
NOTIC: [4096] Object of class Home\Controller\CommentsController could not be converted to string /var/www/Xitong/Application/Home/Controller/CommentsController.class.php 第 29 行.
SQL: SHOW COLUMNS FROM `books` [ RunTime:0.0009s ]
SQL: SELECT * FROM `books` WHERE `id` = '13' LIMIT 1   [ RunTime:0.0002s ]
SQL: SHOW COLUMNS FROM `comments` [ RunTime:0.0007s ]
SQL: SELECT * FROM `comments` WHERE ( bookid = '13' ) ORDER BY create_time desc  [ RunTime:0.0003s ]
SQL: SHOW COLUMNS FROM `bookzan` [ RunTime:0.0006s ]
SQL: SELECT COUNT(*) AS tp_count FROM `bookzan` WHERE ( bookid = '13' ) LIMIT 1   [ RunTime:0.0001s ]
SQL: SELECT COUNT(*) AS tp_count FROM `bookzan` WHERE ( username = 'wanghao' ) LIMIT 1   [ RunTime:0.0001s ]
NOTIC: [8] Use of undefined constant comments - assumed 'comments' /var/www/Xitong/Application/Home/Controller/CommentsController.class.php 第 68 行.
INFO: [ view_parse ] --START--
INFO: [ template_filter ] --START--
INFO: Run Behavior\ContentReplaceBehavior [ RunTime:0.000062s ]
INFO: [ template_filter ] --END-- [ RunTime:0.000133s ]
NOTIC: [8] Use of undefined constant bookname - assumed 'bookname' /var/www/Xitong/Application/Runtime/Cache/Home/3c2d225e32d957828263d2fa9c9c1842.php 第 49 行.
NOTIC: [8] Use of undefined constant picture - assumed 'picture' /var/www/Xitong/Application/Runtime/Cache/Home/3c2d225e32d957828263d2fa9c9c1842.php 第 50 行.
NOTIC: [8] Use of undefined constant picture - assumed 'picture' /var/www/Xitong/Application/Runtime/Cache/Home/3c2d225e32d957828263d2fa9c9c1842.php 第 50 行.
NOTIC: [8] Use of undefined constant picture - assumed 'picture' /var/www/Xitong/Application/Runtime/Cache/Home/3c2d225e32d957828263d2fa9c9c1842.php 第 50 行.
NOTIC: [8] Use of undefined constant author - assumed 'author' /var/www/Xitong/Application/Runtime/Cache/Home/3c2d225e32d957828263d2fa9c9c1842.php 第 52 行.
NOTIC: [8] Use of undefined constant press - assumed 'press' /var/www/Xitong/Application/Runtime/Cache/Home/3c2d225e32d957828263d2fa9c9c1842.php 第 53 行.
NOTIC: [8] Use of undefined constant isbn - assumed 'isbn' /var/www/Xitong/Application/Runtime/Cache/Home/3c2d225e32d957828263d2fa9c9c1842.php 第 54 行.
NOTIC: [8] Use of undefined constant summary - assumed 'summary' /var/www/Xitong/Application/Runtime/Cache/Home/3c2d225e32d957828263d2fa9c9c1842.php 第 61 行.
NOTIC: [8] Use of undefined constant username - assumed 'username' /var/www/Xitong/Application/Runtime/Cache/Home/3c2d225e32d957828263d2fa9c9c1842.php 第 79 行.
NOTIC: [8] Use of undefined constant comment - assumed 'comment' /var/www/Xitong/Application/Runtime/Cache/Home/3c2d225e32d957828263d2fa9c9c1842.php 第 80 行.
NOTIC: [8] Use of undefined constant create_time - assumed 'create_time' /var/www/Xitong/Application/Runtime/Cache/Home/3c2d225e32d957828263d2fa9c9c1842.php 第 81 行.
INFO: Run Behavior\ParseTemplateBehavior [ RunTime:0.005968s ]
INFO: [ view_parse ] --END-- [ RunTime:0.006034s ]
INFO: [ view_filter ] --START--
INFO: Run Behavior\WriteHtmlCacheBehavior [ RunTime:0.000062s ]
INFO: [ view_filter ] --END-- [ RunTime:0.000103s ]
INFO: [ app_end ] --START--
INFO: Run Behavior\ShowPageTraceBehavior [ RunTime:0.000051s ]
INFO: [ app_end ] --END-- [ RunTime:0.000092s ]

[ 2015-06-23T13:47:28+08:00 ] 127.0.0.1 /Xitong/index.php/Comments/5588ec3bb9011.jpg
INFO: [ app_init ] --START--
INFO: Run Behavior\BuildLiteBehavior [ RunTime:0.000015s ]
INFO: [ app_init ] --END-- [ RunTime:0.000092s ]

[ 2015-06-23T13:47:31+08:00 ] 127.0.0.1 /Xitong/index.php/Home/Comments/addComment
INFO: [ app_init ] --START--
INFO: Run Behavior\BuildLiteBehavior [ RunTime:0.000031s ]
INFO: [ app_init ] --END-- [ RunTime:0.000223s ]
INFO: [ app_begin ] --START--
INFO: Run Behavior\ReadHtmlCacheBehavior [ RunTime:0.000122s ]
INFO: [ app_begin ] --END-- [ RunTime:0.000218s ]
SQL: SHOW COLUMNS FROM `comments` [ RunTime:0.0006s ]
SQL: INSERT INTO `comments` (`comment`,`create_time`,`bookid`,`username`) VALUES ('qwewq','1435038451','13','wanghao') [ RunTime:0.0002s ]

[ 2015-06-23T13:47:31+08:00 ] 127.0.0.1 /Xitong/index.php/Comments/comments.html
INFO: [ app_init ] --START--
INFO: Run Behavior\BuildLiteBehavior [ RunTime:0.000009s ]
INFO: [ app_init ] --END-- [ RunTime:0.000065s ]
INFO: [ app_begin ] --START--
INFO: Run Behavior\ReadHtmlCacheBehavior [ RunTime:0.000029s ]
INFO: [ app_begin ] --END-- [ RunTime:0.000059s ]
NOTIC: [4096] Object of class Home\Controller\CommentsController could not be converted to string /var/www/Xitong/Application/Home/Controller/CommentsController.class.php 第 29 行.
SQL: SHOW COLUMNS FROM `books` [ RunTime:0.0006s ]
SQL: SELECT * FROM `books` WHERE `id` = '13' LIMIT 1   [ RunTime:0.0001s ]
SQL: SHOW COLUMNS FROM `comments` [ RunTime:0.0004s ]
SQL: SELECT * FROM `comments` WHERE ( bookid = '13' ) ORDER BY create_time desc  [ RunTime:0.0003s ]
SQL: SHOW COLUMNS FROM `bookzan` [ RunTime:0.0004s ]
SQL: SELECT COUNT(*) AS tp_count FROM `bookzan` WHERE ( bookid = '13' ) LIMIT 1   [ RunTime:0.0001s ]
SQL: SELECT COUNT(*) AS tp_count FROM `bookzan` WHERE ( username = 'wanghao' ) LIMIT 1   [ RunTime:0.0001s ]
NOTIC: [8] Use of undefined constant comments - assumed 'comments' /var/www/Xitong/Application/Home/Controller/CommentsController.class.php 第 68 行.
INFO: [ view_parse ] --START--
INFO: [ template_filter ] --START--
INFO: Run Behavior\ContentReplaceBehavior [ RunTime:0.000075s ]
INFO: [ template_filter ] --END-- [ RunTime:0.000153s ]
NOTIC: [8] Use of undefined constant bookname - assumed 'bookname' /var/www/Xitong/Application/Runtime/Cache/Home/3c2d225e32d957828263d2fa9c9c1842.php 第 49 行.
NOTIC: [8] Use of undefined constant picture - assumed 'picture' /var/www/Xitong/Application/Runtime/Cache/Home/3c2d225e32d957828263d2fa9c9c1842.php 第 50 行.
NOTIC: [8] Use of undefined constant picture - assumed 'picture' /var/www/Xitong/Application/Runtime/Cache/Home/3c2d225e32d957828263d2fa9c9c1842.php 第 50 行.
NOTIC: [8] Use of undefined constant picture - assumed 'picture' /var/www/Xitong/Application/Runtime/Cache/Home/3c2d225e32d957828263d2fa9c9c1842.php 第 50 行.
NOTIC: [8] Use of undefined constant author - assumed 'author' /var/www/Xitong/Application/Runtime/Cache/Home/3c2d225e32d957828263d2fa9c9c1842.php 第 52 行.
NOTIC: [8] Use of undefined constant press - assumed 'press' /var/www/Xitong/Application/Runtime/Cache/Home/3c2d225e32d957828263d2fa9c9c1842.php 第 53 行.
NOTIC: [8] Use of undefined constant isbn - assumed 'isbn' /var/www/Xitong/Application/Runtime/Cache/Home/3c2d225e32d957828263d2fa9c9c1842.php 第 54 行.
NOTIC: [8] Use of undefined constant summary - assumed 'summary' /var/www/Xitong/Application/Runtime/Cache/Home/3c2d225e32d957828263d2fa9c9c1842.php 第 61 行.
NOTIC: [8] Use of undefined constant username - assumed 'username' /var/www/Xitong/Application/Runtime/Cache/Home/3c2d225e32d957828263d2fa9c9c1842.php 第 79 行.
NOTIC: [8] Use of undefined constant comment - assumed 'comment' /var/www/Xitong/Application/Runtime/Cache/Home/3c2d225e32d957828263d2fa9c9c1842.php 第 80 行.
NOTIC: [8] Use of undefined constant create_time - assumed 'create_time' /var/www/Xitong/Application/Runtime/Cache/Home/3c2d225e32d957828263d2fa9c9c1842.php 第 81 行.
NOTIC: [8] Use of undefined constant username - assumed 'username' /var/www/Xitong/Application/Runtime/Cache/Home/3c2d225e32d957828263d2fa9c9c1842.php 第 79 行.
NOTIC: [8] Use of undefined constant comment - assumed 'comment' /var/www/Xitong/Application/Runtime/Cache/Home/3c2d225e32d957828263d2fa9c9c1842.php 第 80 行.
NOTIC: [8] Use of undefined constant create_time - assumed 'create_time' /var/www/Xitong/Application/Runtime/Cache/Home/3c2d225e32d957828263d2fa9c9c1842.php 第 81 行.
INFO: Run Behavior\ParseTemplateBehavior [ RunTime:0.004293s ]
INFO: [ view_parse ] --END-- [ RunTime:0.004336s ]
INFO: [ view_filter ] --START--
INFO: Run Behavior\WriteHtmlCacheBehavior [ RunTime:0.000060s ]
INFO: [ view_filter ] --END-- [ RunTime:0.000105s ]
INFO: [ app_end ] --START--
INFO: Run Behavior\ShowPageTraceBehavior [ RunTime:0.000050s ]
INFO: [ app_end ] --END-- [ RunTime:0.000096s ]

[ 2015-06-23T13:47:31+08:00 ] 127.0.0.1 /Xitong/index.php/Comments/5588ec3bb9011.jpg
INFO: [ app_init ] --START--
INFO: Run Behavior\BuildLiteBehavior [ RunTime:0.000041s ]
INFO: [ app_init ] --END-- [ RunTime:0.000252s ]

[ 2015-06-23T13:49:02+08:00 ] 127.0.0.1 /Xitong/index.php/Comments/comments.html
INFO: [ app_init ] --START--
INFO: Run Behavior\BuildLiteBehavior [ RunTime:0.000031s ]
INFO: [ app_init ] --END-- [ RunTime:0.000260s ]
INFO: [ app_begin ] --START--
INFO: Run Behavior\ReadHtmlCacheBehavior [ RunTime:0.000107s ]
INFO: [ app_begin ] --END-- [ RunTime:0.000300s ]
NOTIC: [4096] Object of class Home\Controller\CommentsController could not be converted to string /var/www/Xitong/Application/Home/Controller/CommentsController.class.php 第 29 行.
SQL: SHOW COLUMNS FROM `books` [ RunTime:0.0007s ]
SQL: SELECT * FROM `books` WHERE `id` = '13' LIMIT 1   [ RunTime:0.0001s ]
SQL: SHOW COLUMNS FROM `comments` [ RunTime:0.0007s ]
SQL: SELECT * FROM `comments` WHERE ( bookid = '13' ) ORDER BY create_time desc  [ RunTime:0.0001s ]
SQL: SHOW COLUMNS FROM `bookzan` [ RunTime:0.0004s ]
SQL: SELECT COUNT(*) AS tp_count FROM `bookzan` WHERE ( bookid = '13' ) LIMIT 1   [ RunTime:0.0002s ]
SQL: SELECT COUNT(*) AS tp_count FROM `bookzan` WHERE ( username = 'wanghao' ) LIMIT 1   [ RunTime:0.0002s ]
NOTIC: [8] Use of undefined constant comments - assumed 'comments' /var/www/Xitong/Application/Home/Controller/CommentsController.class.php 第 68 行.
INFO: [ view_parse ] --START--
INFO: [ template_filter ] --START--
INFO: Run Behavior\ContentReplaceBehavior [ RunTime:0.000041s ]
INFO: [ template_filter ] --END-- [ RunTime:0.000077s ]
NOTIC: [8] Use of undefined constant bookname - assumed 'bookname' /var/www/Xitong/Application/Runtime/Cache/Home/3c2d225e32d957828263d2fa9c9c1842.php 第 49 行.
NOTIC: [8] Use of undefined constant picture - assumed 'picture' /var/www/Xitong/Application/Runtime/Cache/Home/3c2d225e32d957828263d2fa9c9c1842.php 第 50 行.
NOTIC: [8] Use of undefined constant picture - assumed 'picture' /var/www/Xitong/Application/Runtime/Cache/Home/3c2d225e32d957828263d2fa9c9c1842.php 第 50 行.
NOTIC: [8] Use of undefined constant picture - assumed 'picture' /var/www/Xitong/Application/Runtime/Cache/Home/3c2d225e32d957828263d2fa9c9c1842.php 第 50 行.
NOTIC: [8] Use of undefined constant author - assumed 'author' /var/www/Xitong/Application/Runtime/Cache/Home/3c2d225e32d957828263d2fa9c9c1842.php 第 52 行.
NOTIC: [8] Use of undefined constant press - assumed 'press' /var/www/Xitong/Application/Runtime/Cache/Home/3c2d225e32d957828263d2fa9c9c1842.php 第 53 行.
NOTIC: [8] Use of undefined constant isbn - assumed 'isbn' /var/www/Xitong/Application/Runtime/Cache/Home/3c2d225e32d957828263d2fa9c9c1842.php 第 54 行.
NOTIC: [8] Use of undefined constant summary - assumed 'summary' /var/www/Xitong/Application/Runtime/Cache/Home/3c2d225e32d957828263d2fa9c9c1842.php 第 61 行.
NOTIC: [8] Use of undefined constant username - assumed 'username' /var/www/Xitong/Application/Runtime/Cache/Home/3c2d225e32d957828263d2fa9c9c1842.php 第 79 行.
NOTIC: [8] Use of undefined constant comment - assumed 'comment' /var/www/Xitong/Application/Runtime/Cache/Home/3c2d225e32d957828263d2fa9c9c1842.php 第 80 行.
NOTIC: [8] Use of undefined constant create_time - assumed 'create_time' /var/www/Xitong/Application/Runtime/Cache/Home/3c2d225e32d957828263d2fa9c9c1842.php 第 81 行.
NOTIC: [8] Use of undefined constant username - assumed 'username' /var/www/Xitong/Application/Runtime/Cache/Home/3c2d225e32d957828263d2fa9c9c1842.php 第 79 行.
NOTIC: [8] Use of undefined constant comment - assumed 'comment' /var/www/Xitong/Application/Runtime/Cache/Home/3c2d225e32d957828263d2fa9c9c1842.php 第 80 行.
NOTIC: [8] Use of undefined constant create_time - assumed 'create_time' /var/www/Xitong/Application/Runtime/Cache/Home/3c2d225e32d957828263d2fa9c9c1842.php 第 81 行.
INFO: Run Behavior\ParseTemplateBehavior [ RunTime:0.003011s ]
INFO: [ view_parse ] --END-- [ RunTime:0.003043s ]
INFO: [ view_filter ] --START--
INFO: Run Behavior\WriteHtmlCacheBehavior [ RunTime:0.000034s ]
INFO: [ view_filter ] --END-- [ RunTime:0.000060s ]
INFO: [ app_end ] --START--
INFO: Run Behavior\ShowPageTraceBehavior [ RunTime:0.000030s ]
INFO: [ app_end ] --END-- [ RunTime:0.000056s ]

