[ 2015-06-22T16:59:28+08:00 ] ::1 /Xitong/index.php/Home/Comments/comments.html
INFO: [ app_init ] --START--
INFO: Run Behavior\BuildLiteBehavior [ RunTime:0.000000s ]
INFO: [ app_init ] --END-- [ RunTime:0.001000s ]
INFO: [ app_begin ] --START--
INFO: Run Behavior\ReadHtmlCacheBehavior [ RunTime:0.002000s ]
INFO: [ app_begin ] --END-- [ RunTime:0.002000s ]
NOTIC: [4096] Object of class Home\Controller\CommentsController could not be converted to string D:\xampp\htdocs\Xitong\Application\Home\Controller\CommentsController.class.php 第 23 行.
SQL: SHOW COLUMNS FROM `books` [ RunTime:0.0030s ]
SQL: SELECT * FROM `books` WHERE `id` = 1 LIMIT 1   [ RunTime:0.0010s ]
SQL: SHOW COLUMNS FROM `comments` [ RunTime:0.0020s ]
SQL: SELECT * FROM `comments` WHERE ( bookid = '1' ) ORDER BY create_time desc  [ RunTime:0.0000s ]
SQL: SHOW COLUMNS FROM `bookzan` [ RunTime:0.0030s ]
SQL: SELECT COUNT(*) AS tp_count FROM `bookzan` WHERE ( bookid = '1' ) LIMIT 1   [ RunTime:0.0010s ]
SQL: SELECT COUNT(*) AS tp_count FROM `bookzan` WHERE ( username = '' ) LIMIT 1   [ RunTime:0.0010s ]
NOTIC: [8] Use of undefined constant comments - assumed 'comments' D:\xampp\htdocs\Xitong\Application\Home\Controller\CommentsController.class.php 第 62 行.
INFO: [ view_parse ] --START--
INFO: [ template_filter ] --START--
INFO: Run Behavior\ContentReplaceBehavior [ RunTime:0.000000s ]
INFO: [ template_filter ] --END-- [ RunTime:0.000000s ]
NOTIC: [8] Use of undefined constant bookname - assumed 'bookname' D:\xampp\htdocs\Xitong\Application\Runtime\Cache\Home\3c2d225e32d957828263d2fa9c9c1842.php 第 47 行.
NOTIC: [8] Use of undefined constant picture - assumed 'picture' D:\xampp\htdocs\Xitong\Application\Runtime\Cache\Home\3c2d225e32d957828263d2fa9c9c1842.php 第 48 行.
NOTIC: [8] Use of undefined constant author - assumed 'author' D:\xampp\htdocs\Xitong\Application\Runtime\Cache\Home\3c2d225e32d957828263d2fa9c9c1842.php 第 50 行.
NOTIC: [8] Use of undefined constant press - assumed 'press' D:\xampp\htdocs\Xitong\Application\Runtime\Cache\Home\3c2d225e32d957828263d2fa9c9c1842.php 第 51 行.
NOTIC: [8] Use of undefined constant isbn - assumed 'isbn' D:\xampp\htdocs\Xitong\Application\Runtime\Cache\Home\3c2d225e32d957828263d2fa9c9c1842.php 第 52 行.
NOTIC: [8] Use of undefined constant summary - assumed 'summary' D:\xampp\htdocs\Xitong\Application\Runtime\Cache\Home\3c2d225e32d957828263d2fa9c9c1842.php 第 59 行.
NOTIC: [8] Use of undefined constant username - assumed 'username' D:\xampp\htdocs\Xitong\Application\Runtime\Cache\Home\3c2d225e32d957828263d2fa9c9c1842.php 第 77 行.
NOTIC: [8] Use of undefined constant comment - assumed 'comment' D:\xampp\htdocs\Xitong\Application\Runtime\Cache\Home\3c2d225e32d957828263d2fa9c9c1842.php 第 78 行.
NOTIC: [8] Use of undefined constant create_time - assumed 'create_time' D:\xampp\htdocs\Xitong\Application\Runtime\Cache\Home\3c2d225e32d957828263d2fa9c9c1842.php 第 79 行.
NOTIC: [8] Use of undefined constant username - assumed 'username' D:\xampp\htdocs\Xitong\Application\Runtime\Cache\Home\3c2d225e32d957828263d2fa9c9c1842.php 第 77 行.
NOTIC: [8] Use of undefined constant comment - assumed 'comment' D:\xampp\htdocs\Xitong\Application\Runtime\Cache\Home\3c2d225e32d957828263d2fa9c9c1842.php 第 78 行.
NOTIC: [8] Use of undefined constant create_time - assumed 'create_time' D:\xampp\htdocs\Xitong\Application\Runtime\Cache\Home\3c2d225e32d957828263d2fa9c9c1842.php 第 79 行.
NOTIC: [8] Use of undefined constant username - assumed 'username' D:\xampp\htdocs\Xitong\Application\Runtime\Cache\Home\3c2d225e32d957828263d2fa9c9c1842.php 第 77 行.
NOTIC: [8] Use of undefined constant comment - assumed 'comment' D:\xampp\htdocs\Xitong\Application\Runtime\Cache\Home\3c2d225e32d957828263d2fa9c9c1842.php 第 78 行.
NOTIC: [8] Use of undefined constant create_time - assumed 'create_time' D:\xampp\htdocs\Xitong\Application\Runtime\Cache\Home\3c2d225e32d957828263d2fa9c9c1842.php 第 79 行.
NOTIC: [8] Use of undefined constant username - assumed 'username' D:\xampp\htdocs\Xitong\Application\Runtime\Cache\Home\3c2d225e32d957828263d2fa9c9c1842.php 第 77 行.
NOTIC: [8] Use of undefined constant comment - assumed 'comment' D:\xampp\htdocs\Xitong\Application\Runtime\Cache\Home\3c2d225e32d957828263d2fa9c9c1842.php 第 78 行.
NOTIC: [8] Use of undefined constant create_time - assumed 'create_time' D:\xampp\htdocs\Xitong\Application\Runtime\Cache\Home\3c2d225e32d957828263d2fa9c9c1842.php 第 79 行.
NOTIC: [8] Use of undefined constant username - assumed 'username' D:\xampp\htdocs\Xitong\Application\Runtime\Cache\Home\3c2d225e32d957828263d2fa9c9c1842.php 第 77 行.
NOTIC: [8] Use of undefined constant comment - assumed 'comment' D:\xampp\htdocs\Xitong\Application\Runtime\Cache\Home\3c2d225e32d957828263d2fa9c9c1842.php 第 78 行.
NOTIC: [8] Use of undefined constant create_time - assumed 'create_time' D:\xampp\htdocs\Xitong\Application\Runtime\Cache\Home\3c2d225e32d957828263d2fa9c9c1842.php 第 79 行.
NOTIC: [8] Use of undefined constant username - assumed 'username' D:\xampp\htdocs\Xitong\Application\Runtime\Cache\Home\3c2d225e32d957828263d2fa9c9c1842.php 第 77 行.
NOTIC: [8] Use of undefined constant comment - assumed 'comment' D:\xampp\htdocs\Xitong\Application\Runtime\Cache\Home\3c2d225e32d957828263d2fa9c9c1842.php 第 78 行.
NOTIC: [8] Use of undefined constant create_time - assumed 'create_time' D:\xampp\htdocs\Xitong\Application\Runtime\Cache\Home\3c2d225e32d957828263d2fa9c9c1842.php 第 79 行.
NOTIC: [8] Use of undefined constant username - assumed 'username' D:\xampp\htdocs\Xitong\Application\Runtime\Cache\Home\3c2d225e32d957828263d2fa9c9c1842.php 第 77 行.
NOTIC: [8] Use of undefined constant comment - assumed 'comment' D:\xampp\htdocs\Xitong\Application\Runtime\Cache\Home\3c2d225e32d957828263d2fa9c9c1842.php 第 78 行.
NOTIC: [8] Use of undefined constant create_time - assumed 'create_time' D:\xampp\htdocs\Xitong\Application\Runtime\Cache\Home\3c2d225e32d957828263d2fa9c9c1842.php 第 79 行.
INFO: Run Behavior\ParseTemplateBehavior [ RunTime:0.012001s ]
INFO: [ view_parse ] --END-- [ RunTime:0.012001s ]
INFO: [ view_filter ] --START--
INFO: Run Behavior\WriteHtmlCacheBehavior [ RunTime:0.000000s ]
INFO: [ view_filter ] --END-- [ RunTime:0.000000s ]
INFO: [ app_end ] --START--
INFO: Run Behavior\ShowPageTraceBehavior [ RunTime:0.001000s ]
INFO: [ app_end ] --END-- [ RunTime:0.001000s ]

[ 2015-06-22T16:59:31+08:00 ] ::1 /Xitong/index.php/Home/Comments/myBookNotes
INFO: [ app_init ] --START--
INFO: Run Behavior\BuildLiteBehavior [ RunTime:0.000000s ]
INFO: [ app_init ] --END-- [ RunTime:0.001000s ]
INFO: [ app_begin ] --START--
INFO: Run Behavior\ReadHtmlCacheBehavior [ RunTime:0.001000s ]
INFO: [ app_begin ] --END-- [ RunTime:0.001000s ]
ERR: 非法操作:myBookNotes

[ 2015-06-22T16:59:55+08:00 ] ::1 /Xitong/index.php/Home/Notes/editNote/noteId/8
INFO: [ app_init ] --START--
INFO: Run Behavior\BuildLiteBehavior [ RunTime:0.000000s ]
INFO: [ app_init ] --END-- [ RunTime:0.001000s ]
INFO: [ app_begin ] --START--
INFO: Run Behavior\ReadHtmlCacheBehavior [ RunTime:0.001000s ]
INFO: [ app_begin ] --END-- [ RunTime:0.001000s ]

[ 2015-06-22T16:59:55+08:00 ] ::1 /Xitong/index.php/Home/User/login/error/4.html
INFO: [ app_init ] --START--
INFO: Run Behavior\BuildLiteBehavior [ RunTime:0.000000s ]
INFO: [ app_init ] --END-- [ RunTime:0.000000s ]
INFO: [ app_begin ] --START--
INFO: Run Behavior\ReadHtmlCacheBehavior [ RunTime:0.001000s ]
INFO: [ app_begin ] --END-- [ RunTime:0.001000s ]
NOTIC: [4096] Object of class Home\Controller\UserController could not be converted to string D:\xampp\htdocs\Xitong\Application\Home\Controller\UserController.class.php 第 30 行.
INFO: [ view_parse ] --START--
INFO: [ template_filter ] --START--
INFO: Run Behavior\ContentReplaceBehavior [ RunTime:0.000000s ]
INFO: [ template_filter ] --END-- [ RunTime:0.000000s ]
NOTIC: [8] Use of undefined constant register - assumed 'register' D:\xampp\htdocs\Xitong\Application\Runtime\Cache\Home\5c9ee6d19cd41add49f97afe3aef0b25.php 第 35 行.
INFO: Run Behavior\ParseTemplateBehavior [ RunTime:0.008000s ]
INFO: [ view_parse ] --END-- [ RunTime:0.008000s ]
INFO: [ view_filter ] --START--
INFO: Run Behavior\WriteHtmlCacheBehavior [ RunTime:0.000000s ]
INFO: [ view_filter ] --END-- [ RunTime:0.001000s ]
INFO: [ app_end ] --START--
INFO: Run Behavior\ShowPageTraceBehavior [ RunTime:0.000000s ]
INFO: [ app_end ] --END-- [ RunTime:0.000000s ]

[ 2015-06-22T17:00:02+08:00 ] ::1 /Xitong/index.php/Home/User/loginin/4
INFO: [ app_init ] --START--
INFO: Run Behavior\BuildLiteBehavior [ RunTime:0.000000s ]
INFO: [ app_init ] --END-- [ RunTime:0.001000s ]
INFO: [ app_begin ] --START--
INFO: Run Behavior\ReadHtmlCacheBehavior [ RunTime:0.001000s ]
INFO: [ app_begin ] --END-- [ RunTime:0.001000s ]
SQL: SHOW COLUMNS FROM `users` [ RunTime:0.0040s ]
SQL: SELECT * FROM `users` WHERE ( username = '1' and password = '1' ) LIMIT 1   [ RunTime:0.0010s ]

[ 2015-06-22T17:00:02+08:00 ] ::1 /Xitong/index.php/Home/User/index.html
INFO: [ app_init ] --START--
INFO: Run Behavior\BuildLiteBehavior [ RunTime:0.000000s ]
INFO: [ app_init ] --END-- [ RunTime:0.000000s ]
INFO: [ app_begin ] --START--
INFO: Run Behavior\ReadHtmlCacheBehavior [ RunTime:0.000000s ]
INFO: [ app_begin ] --END-- [ RunTime:0.000000s ]

[ 2015-06-22T17:00:02+08:00 ] ::1 /Xitong/index.php/Home/Comments/comments.html
INFO: [ app_init ] --START--
INFO: Run Behavior\BuildLiteBehavior [ RunTime:0.000000s ]
INFO: [ app_init ] --END-- [ RunTime:0.000000s ]
INFO: [ app_begin ] --START--
INFO: Run Behavior\ReadHtmlCacheBehavior [ RunTime:0.000000s ]
INFO: [ app_begin ] --END-- [ RunTime:0.000000s ]
NOTIC: [4096] Object of class Home\Controller\CommentsController could not be converted to string D:\xampp\htdocs\Xitong\Application\Home\Controller\CommentsController.class.php 第 23 行.
SQL: SHOW COLUMNS FROM `books` [ RunTime:0.0040s ]
SQL: SELECT * FROM `books` WHERE `id` = 1 LIMIT 1   [ RunTime:0.0000s ]
SQL: SHOW COLUMNS FROM `comments` [ RunTime:0.0030s ]
SQL: SELECT * FROM `comments` WHERE ( bookid = '1' ) ORDER BY create_time desc  [ RunTime:0.0000s ]
SQL: SHOW COLUMNS FROM `bookzan` [ RunTime:0.0030s ]
SQL: SELECT COUNT(*) AS tp_count FROM `bookzan` WHERE ( bookid = '1' ) LIMIT 1   [ RunTime:0.0000s ]
SQL: SELECT COUNT(*) AS tp_count FROM `bookzan` WHERE ( username = '1' ) LIMIT 1   [ RunTime:0.0000s ]
NOTIC: [8] Use of undefined constant comments - assumed 'comments' D:\xampp\htdocs\Xitong\Application\Home\Controller\CommentsController.class.php 第 62 行.
INFO: [ view_parse ] --START--
INFO: [ template_filter ] --START--
INFO: Run Behavior\ContentReplaceBehavior [ RunTime:0.001000s ]
INFO: [ template_filter ] --END-- [ RunTime:0.001000s ]
NOTIC: [8] Use of undefined constant bookname - assumed 'bookname' D:\xampp\htdocs\Xitong\Application\Runtime\Cache\Home\3c2d225e32d957828263d2fa9c9c1842.php 第 47 行.
NOTIC: [8] Use of undefined constant picture - assumed 'picture' D:\xampp\htdocs\Xitong\Application\Runtime\Cache\Home\3c2d225e32d957828263d2fa9c9c1842.php 第 48 行.
NOTIC: [8] Use of undefined constant author - assumed 'author' D:\xampp\htdocs\Xitong\Application\Runtime\Cache\Home\3c2d225e32d957828263d2fa9c9c1842.php 第 50 行.
NOTIC: [8] Use of undefined constant press - assumed 'press' D:\xampp\htdocs\Xitong\Application\Runtime\Cache\Home\3c2d225e32d957828263d2fa9c9c1842.php 第 51 行.
NOTIC: [8] Use of undefined constant isbn - assumed 'isbn' D:\xampp\htdocs\Xitong\Application\Runtime\Cache\Home\3c2d225e32d957828263d2fa9c9c1842.php 第 52 行.
NOTIC: [8] Use of undefined constant summary - assumed 'summary' D:\xampp\htdocs\Xitong\Application\Runtime\Cache\Home\3c2d225e32d957828263d2fa9c9c1842.php 第 59 行.
NOTIC: [8] Use of undefined constant username - assumed 'username' D:\xampp\htdocs\Xitong\Application\Runtime\Cache\Home\3c2d225e32d957828263d2fa9c9c1842.php 第 77 行.
NOTIC: [8] Use of undefined constant comment - assumed 'comment' D:\xampp\htdocs\Xitong\Application\Runtime\Cache\Home\3c2d225e32d957828263d2fa9c9c1842.php 第 78 行.
NOTIC: [8] Use of undefined constant create_time - assumed 'create_time' D:\xampp\htdocs\Xitong\Application\Runtime\Cache\Home\3c2d225e32d957828263d2fa9c9c1842.php 第 79 行.
NOTIC: [8] Use of undefined constant username - assumed 'username' D:\xampp\htdocs\Xitong\Application\Runtime\Cache\Home\3c2d225e32d957828263d2fa9c9c1842.php 第 77 行.
NOTIC: [8] Use of undefined constant comment - assumed 'comment' D:\xampp\htdocs\Xitong\Application\Runtime\Cache\Home\3c2d225e32d957828263d2fa9c9c1842.php 第 78 行.
NOTIC: [8] Use of undefined constant create_time - assumed 'create_time' D:\xampp\htdocs\Xitong\Application\Runtime\Cache\Home\3c2d225e32d957828263d2fa9c9c1842.php 第 79 行.
NOTIC: [8] Use of undefined constant username - assumed 'username' D:\xampp\htdocs\Xitong\Application\Runtime\Cache\Home\3c2d225e32d957828263d2fa9c9c1842.php 第 77 行.
NOTIC: [8] Use of undefined constant comment - assumed 'comment' D:\xampp\htdocs\Xitong\Application\Runtime\Cache\Home\3c2d225e32d957828263d2fa9c9c1842.php 第 78 行.
NOTIC: [8] Use of undefined constant create_time - assumed 'create_time' D:\xampp\htdocs\Xitong\Application\Runtime\Cache\Home\3c2d225e32d957828263d2fa9c9c1842.php 第 79 行.
NOTIC: [8] Use of undefined constant username - assumed 'username' D:\xampp\htdocs\Xitong\Application\Runtime\Cache\Home\3c2d225e32d957828263d2fa9c9c1842.php 第 77 行.
NOTIC: [8] Use of undefined constant comment - assumed 'comment' D:\xampp\htdocs\Xitong\Application\Runtime\Cache\Home\3c2d225e32d957828263d2fa9c9c1842.php 第 78 行.
NOTIC: [8] Use of undefined constant create_time - assumed 'create_time' D:\xampp\htdocs\Xitong\Application\Runtime\Cache\Home\3c2d225e32d957828263d2fa9c9c1842.php 第 79 行.
NOTIC: [8] Use of undefined constant username - assumed 'username' D:\xampp\htdocs\Xitong\Application\Runtime\Cache\Home\3c2d225e32d957828263d2fa9c9c1842.php 第 77 行.
NOTIC: [8] Use of undefined constant comment - assumed 'comment' D:\xampp\htdocs\Xitong\Application\Runtime\Cache\Home\3c2d225e32d957828263d2fa9c9c1842.php 第 78 行.
NOTIC: [8] Use of undefined constant create_time - assumed 'create_time' D:\xampp\htdocs\Xitong\Application\Runtime\Cache\Home\3c2d225e32d957828263d2fa9c9c1842.php 第 79 行.
NOTIC: [8] Use of undefined constant username - assumed 'username' D:\xampp\htdocs\Xitong\Application\Runtime\Cache\Home\3c2d225e32d957828263d2fa9c9c1842.php 第 77 行.
NOTIC: [8] Use of undefined constant comment - assumed 'comment' D:\xampp\htdocs\Xitong\Application\Runtime\Cache\Home\3c2d225e32d957828263d2fa9c9c1842.php 第 78 行.
NOTIC: [8] Use of undefined constant create_time - assumed 'create_time' D:\xampp\htdocs\Xitong\Application\Runtime\Cache\Home\3c2d225e32d957828263d2fa9c9c1842.php 第 79 行.
NOTIC: [8] Use of undefined constant username - assumed 'username' D:\xampp\htdocs\Xitong\Application\Runtime\Cache\Home\3c2d225e32d957828263d2fa9c9c1842.php 第 77 行.
NOTIC: [8] Use of undefined constant comment - assumed 'comment' D:\xampp\htdocs\Xitong\Application\Runtime\Cache\Home\3c2d225e32d957828263d2fa9c9c1842.php 第 78 行.
NOTIC: [8] Use of undefined constant create_time - assumed 'create_time' D:\xampp\htdocs\Xitong\Application\Runtime\Cache\Home\3c2d225e32d957828263d2fa9c9c1842.php 第 79 行.
INFO: Run Behavior\ParseTemplateBehavior [ RunTime:0.014001s ]
INFO: [ view_parse ] --END-- [ RunTime:0.014001s ]
INFO: [ view_filter ] --START--
INFO: Run Behavior\WriteHtmlCacheBehavior [ RunTime:0.000000s ]
INFO: [ view_filter ] --END-- [ RunTime:0.000000s ]
INFO: [ app_end ] --START--
INFO: Run Behavior\ShowPageTraceBehavior [ RunTime:0.001000s ]
INFO: [ app_end ] --END-- [ RunTime:0.001000s ]

[ 2015-06-22T17:00:08+08:00 ] ::1 /Xitong/index.php/Home/Notes/myAllNotes
INFO: [ app_init ] --START--
INFO: Run Behavior\BuildLiteBehavior [ RunTime:0.000000s ]
INFO: [ app_init ] --END-- [ RunTime:0.000000s ]
INFO: [ app_begin ] --START--
INFO: Run Behavior\ReadHtmlCacheBehavior [ RunTime:0.002000s ]
INFO: [ app_begin ] --END-- [ RunTime:0.002000s ]
SQL: SHOW COLUMNS FROM `books` [ RunTime:0.0030s ]
NOTIC: [8] Undefined variable: bookId D:\xampp\htdocs\Xitong\Application\Home\Controller\NotesController.class.php 第 92 行.
SQL: SELECT * FROM `books` LIMIT 1   [ RunTime:0.0000s ]
SQL: SHOW COLUMNS FROM `notes` [ RunTime:0.0030s ]
SQL: SELECT * FROM `notes` WHERE ( username = '1' ) ORDER BY create_time desc  [ RunTime:0.0010s ]
NOTIC: [4096] Object of class Home\Controller\NotesController could not be converted to string D:\xampp\htdocs\Xitong\Application\Home\Controller\NotesController.class.php 第 102 行.
INFO: [ view_parse ] --START--
INFO: [ template_filter ] --START--
INFO: Run Behavior\ContentReplaceBehavior [ RunTime:0.000000s ]
INFO: [ template_filter ] --END-- [ RunTime:0.000000s ]
NOTIC: [8] Use of undefined constant chapter - assumed 'chapter' D:\xampp\htdocs\Xitong\Application\Runtime\Cache\Home\66df3497a54bbfaddee9a9e3517449ae.php 第 50 行.
NOTIC: [8] Use of undefined constant page - assumed 'page' D:\xampp\htdocs\Xitong\Application\Runtime\Cache\Home\66df3497a54bbfaddee9a9e3517449ae.php 第 51 行.
NOTIC: [8] Use of undefined constant note - assumed 'note' D:\xampp\htdocs\Xitong\Application\Runtime\Cache\Home\66df3497a54bbfaddee9a9e3517449ae.php 第 54 行.
NOTIC: [8] Use of undefined constant photo - assumed 'photo' D:\xampp\htdocs\Xitong\Application\Runtime\Cache\Home\66df3497a54bbfaddee9a9e3517449ae.php 第 55 行.
NOTIC: [8] Use of undefined constant create_time - assumed 'create_time' D:\xampp\htdocs\Xitong\Application\Runtime\Cache\Home\66df3497a54bbfaddee9a9e3517449ae.php 第 56 行.
NOTIC: [8] Use of undefined constant id - assumed 'id' D:\xampp\htdocs\Xitong\Application\Runtime\Cache\Home\66df3497a54bbfaddee9a9e3517449ae.php 第 57 行.
NOTIC: [8] Use of undefined constant chapter - assumed 'chapter' D:\xampp\htdocs\Xitong\Application\Runtime\Cache\Home\66df3497a54bbfaddee9a9e3517449ae.php 第 50 行.
NOTIC: [8] Use of undefined constant page - assumed 'page' D:\xampp\htdocs\Xitong\Application\Runtime\Cache\Home\66df3497a54bbfaddee9a9e3517449ae.php 第 51 行.
NOTIC: [8] Use of undefined constant note - assumed 'note' D:\xampp\htdocs\Xitong\Application\Runtime\Cache\Home\66df3497a54bbfaddee9a9e3517449ae.php 第 54 行.
NOTIC: [8] Use of undefined constant photo - assumed 'photo' D:\xampp\htdocs\Xitong\Application\Runtime\Cache\Home\66df3497a54bbfaddee9a9e3517449ae.php 第 55 行.
NOTIC: [8] Use of undefined constant create_time - assumed 'create_time' D:\xampp\htdocs\Xitong\Application\Runtime\Cache\Home\66df3497a54bbfaddee9a9e3517449ae.php 第 56 行.
NOTIC: [8] Use of undefined constant id - assumed 'id' D:\xampp\htdocs\Xitong\Application\Runtime\Cache\Home\66df3497a54bbfaddee9a9e3517449ae.php 第 57 行.
NOTIC: [8] Use of undefined constant chapter - assumed 'chapter' D:\xampp\htdocs\Xitong\Application\Runtime\Cache\Home\66df3497a54bbfaddee9a9e3517449ae.php 第 50 行.
NOTIC: [8] Use of undefined constant page - assumed 'page' D:\xampp\htdocs\Xitong\Application\Runtime\Cache\Home\66df3497a54bbfaddee9a9e3517449ae.php 第 51 行.
NOTIC: [8] Use of undefined constant note - assumed 'note' D:\xampp\htdocs\Xitong\Application\Runtime\Cache\Home\66df3497a54bbfaddee9a9e3517449ae.php 第 54 行.
NOTIC: [8] Use of undefined constant photo - assumed 'photo' D:\xampp\htdocs\Xitong\Application\Runtime\Cache\Home\66df3497a54bbfaddee9a9e3517449ae.php 第 55 行.
NOTIC: [8] Use of undefined constant photo - assumed 'photo' D:\xampp\htdocs\Xitong\Application\Runtime\Cache\Home\66df3497a54bbfaddee9a9e3517449ae.php 第 55 行.
NOTIC: [8] Use of undefined constant photo - assumed 'photo' D:\xampp\htdocs\Xitong\Application\Runtime\Cache\Home\66df3497a54bbfaddee9a9e3517449ae.php 第 55 行.
NOTIC: [8] Use of undefined constant create_time - assumed 'create_time' D:\xampp\htdocs\Xitong\Application\Runtime\Cache\Home\66df3497a54bbfaddee9a9e3517449ae.php 第 56 行.
NOTIC: [8] Use of undefined constant id - assumed 'id' D:\xampp\htdocs\Xitong\Application\Runtime\Cache\Home\66df3497a54bbfaddee9a9e3517449ae.php 第 57 行.
NOTIC: [8] Use of undefined constant chapter - assumed 'chapter' D:\xampp\htdocs\Xitong\Application\Runtime\Cache\Home\66df3497a54bbfaddee9a9e3517449ae.php 第 50 行.
NOTIC: [8] Use of undefined constant page - assumed 'page' D:\xampp\htdocs\Xitong\Application\Runtime\Cache\Home\66df3497a54bbfaddee9a9e3517449ae.php 第 51 行.
NOTIC: [8] Use of undefined constant note - assumed 'note' D:\xampp\htdocs\Xitong\Application\Runtime\Cache\Home\66df3497a54bbfaddee9a9e3517449ae.php 第 54 行.
NOTIC: [8] Use of undefined constant photo - assumed 'photo' D:\xampp\htdocs\Xitong\Application\Runtime\Cache\Home\66df3497a54bbfaddee9a9e3517449ae.php 第 55 行.
NOTIC: [8] Use of undefined constant create_time - assumed 'create_time' D:\xampp\htdocs\Xitong\Application\Runtime\Cache\Home\66df3497a54bbfaddee9a9e3517449ae.php 第 56 行.
NOTIC: [8] Use of undefined constant id - assumed 'id' D:\xampp\htdocs\Xitong\Application\Runtime\Cache\Home\66df3497a54bbfaddee9a9e3517449ae.php 第 57 行.
NOTIC: [8] Use of undefined constant chapter - assumed 'chapter' D:\xampp\htdocs\Xitong\Application\Runtime\Cache\Home\66df3497a54bbfaddee9a9e3517449ae.php 第 50 行.
NOTIC: [8] Use of undefined constant page - assumed 'page' D:\xampp\htdocs\Xitong\Application\Runtime\Cache\Home\66df3497a54bbfaddee9a9e3517449ae.php 第 51 行.
NOTIC: [8] Use of undefined constant note - assumed 'note' D:\xampp\htdocs\Xitong\Application\Runtime\Cache\Home\66df3497a54bbfaddee9a9e3517449ae.php 第 54 行.
NOTIC: [8] Use of undefined constant photo - assumed 'photo' D:\xampp\htdocs\Xitong\Application\Runtime\Cache\Home\66df3497a54bbfaddee9a9e3517449ae.php 第 55 行.
NOTIC: [8] Use of undefined constant photo - assumed 'photo' D:\xampp\htdocs\Xitong\Application\Runtime\Cache\Home\66df3497a54bbfaddee9a9e3517449ae.php 第 55 行.
NOTIC: [8] Use of undefined constant photo - assumed 'photo' D:\xampp\htdocs\Xitong\Application\Runtime\Cache\Home\66df3497a54bbfaddee9a9e3517449ae.php 第 55 行.
NOTIC: [8] Use of undefined constant create_time - assumed 'create_time' D:\xampp\htdocs\Xitong\Application\Runtime\Cache\Home\66df3497a54bbfaddee9a9e3517449ae.php 第 56 行.
NOTIC: [8] Use of undefined constant id - assumed 'id' D:\xampp\htdocs\Xitong\Application\Runtime\Cache\Home\66df3497a54bbfaddee9a9e3517449ae.php 第 57 行.
NOTIC: [8] Use of undefined constant chapter - assumed 'chapter' D:\xampp\htdocs\Xitong\Application\Runtime\Cache\Home\66df3497a54bbfaddee9a9e3517449ae.php 第 50 行.
NOTIC: [8] Use of undefined constant page - assumed 'page' D:\xampp\htdocs\Xitong\Application\Runtime\Cache\Home\66df3497a54bbfaddee9a9e3517449ae.php 第 51 行.
NOTIC: [8] Use of undefined constant note - assumed 'note' D:\xampp\htdocs\Xitong\Application\Runtime\Cache\Home\66df3497a54bbfaddee9a9e3517449ae.php 第 54 行.
NOTIC: [8] Use of undefined constant photo - assumed 'photo' D:\xampp\htdocs\Xitong\Application\Runtime\Cache\Home\66df3497a54bbfaddee9a9e3517449ae.php 第 55 行.
NOTIC: [8] Use of undefined constant photo - assumed 'photo' D:\xampp\htdocs\Xitong\Application\Runtime\Cache\Home\66df3497a54bbfaddee9a9e3517449ae.php 第 55 行.
NOTIC: [8] Use of undefined constant photo - assumed 'photo' D:\xampp\htdocs\Xitong\Application\Runtime\Cache\Home\66df3497a54bbfaddee9a9e3517449ae.php 第 55 行.
NOTIC: [8] Use of undefined constant create_time - assumed 'create_time' D:\xampp\htdocs\Xitong\Application\Runtime\Cache\Home\66df3497a54bbfaddee9a9e3517449ae.php 第 56 行.
NOTIC: [8] Use of undefined constant id - assumed 'id' D:\xampp\htdocs\Xitong\Application\Runtime\Cache\Home\66df3497a54bbfaddee9a9e3517449ae.php 第 57 行.
NOTIC: [8] Use of undefined constant chapter - assumed 'chapter' D:\xampp\htdocs\Xitong\Application\Runtime\Cache\Home\66df3497a54bbfaddee9a9e3517449ae.php 第 50 行.
NOTIC: [8] Use of undefined constant page - assumed 'page' D:\xampp\htdocs\Xitong\Application\Runtime\Cache\Home\66df3497a54bbfaddee9a9e3517449ae.php 第 51 行.
NOTIC: [8] Use of undefined constant note - assumed 'note' D:\xampp\htdocs\Xitong\Application\Runtime\Cache\Home\66df3497a54bbfaddee9a9e3517449ae.php 第 54 行.
NOTIC: [8] Use of undefined constant photo - assumed 'photo' D:\xampp\htdocs\Xitong\Application\Runtime\Cache\Home\66df3497a54bbfaddee9a9e3517449ae.php 第 55 行.
NOTIC: [8] Use of undefined constant photo - assumed 'photo' D:\xampp\htdocs\Xitong\Application\Runtime\Cache\Home\66df3497a54bbfaddee9a9e3517449ae.php 第 55 行.
NOTIC: [8] Use of undefined constant photo - assumed 'photo' D:\xampp\htdocs\Xitong\Application\Runtime\Cache\Home\66df3497a54bbfaddee9a9e3517449ae.php 第 55 行.
NOTIC: [8] Use of undefined constant create_time - assumed 'create_time' D:\xampp\htdocs\Xitong\Application\Runtime\Cache\Home\66df3497a54bbfaddee9a9e3517449ae.php 第 56 行.
NOTIC: [8] Use of undefined constant id - assumed 'id' D:\xampp\htdocs\Xitong\Application\Runtime\Cache\Home\66df3497a54bbfaddee9a9e3517449ae.php 第 57 行.
NOTIC: [8] Use of undefined constant chapter - assumed 'chapter' D:\xampp\htdocs\Xitong\Application\Runtime\Cache\Home\66df3497a54bbfaddee9a9e3517449ae.php 第 50 行.
NOTIC: [8] Use of undefined constant page - assumed 'page' D:\xampp\htdocs\Xitong\Application\Runtime\Cache\Home\66df3497a54bbfaddee9a9e3517449ae.php 第 51 行.
NOTIC: [8] Use of undefined constant note - assumed 'note' D:\xampp\htdocs\Xitong\Application\Runtime\Cache\Home\66df3497a54bbfaddee9a9e3517449ae.php 第 54 行.
NOTIC: [8] Use of undefined constant photo - assumed 'photo' D:\xampp\htdocs\Xitong\Application\Runtime\Cache\Home\66df3497a54bbfaddee9a9e3517449ae.php 第 55 行.
NOTIC: [8] Use of undefined constant photo - assumed 'photo' D:\xampp\htdocs\Xitong\Application\Runtime\Cache\Home\66df3497a54bbfaddee9a9e3517449ae.php 第 55 行.
NOTIC: [8] Use of undefined constant photo - assumed 'photo' D:\xampp\htdocs\Xitong\Application\Runtime\Cache\Home\66df3497a54bbfaddee9a9e3517449ae.php 第 55 行.
NOTIC: [8] Use of undefined constant create_time - assumed 'create_time' D:\xampp\htdocs\Xitong\Application\Runtime\Cache\Home\66df3497a54bbfaddee9a9e3517449ae.php 第 56 行.
NOTIC: [8] Use of undefined constant id - assumed 'id' D:\xampp\htdocs\Xitong\Application\Runtime\Cache\Home\66df3497a54bbfaddee9a9e3517449ae.php 第 57 行.
INFO: Run Behavior\ParseTemplateBehavior [ RunTime:0.009001s ]
INFO: [ view_parse ] --END-- [ RunTime:0.010001s ]
INFO: [ view_filter ] --START--
INFO: Run Behavior\WriteHtmlCacheBehavior [ RunTime:0.001000s ]
INFO: [ view_filter ] --END-- [ RunTime:0.001000s ]
INFO: [ app_end ] --START--
INFO: Run Behavior\ShowPageTraceBehavior [ RunTime:0.001000s ]
INFO: [ app_end ] --END-- [ RunTime:0.002000s ]

[ 2015-06-22T17:00:11+08:00 ] ::1 /Xitong/index.php/Home/Notes/editNote/noteId/8)
INFO: [ app_init ] --START--
INFO: Run Behavior\BuildLiteBehavior [ RunTime:0.000000s ]
INFO: [ app_init ] --END-- [ RunTime:0.001000s ]
INFO: [ app_begin ] --START--
INFO: Run Behavior\ReadHtmlCacheBehavior [ RunTime:0.001000s ]
INFO: [ app_begin ] --END-- [ RunTime:0.001000s ]
SQL: SHOW COLUMNS FROM `notes` [ RunTime:0.0040s ]
SQL: SELECT * FROM `notes` WHERE ( id = '8)' ) LIMIT 1   [ RunTime:0.0000s ]
NOTIC: [4096] Object of class Home\Controller\NotesController could not be converted to string D:\xampp\htdocs\Xitong\Application\Home\Controller\NotesController.class.php 第 196 行.
INFO: [ view_parse ] --START--
INFO: [ template_filter ] --START--
INFO: Run Behavior\ContentReplaceBehavior [ RunTime:0.000000s ]
INFO: [ template_filter ] --END-- [ RunTime:0.000000s ]
NOTIC: [8] Use of undefined constant id - assumed 'id' D:\xampp\htdocs\Xitong\Application\Runtime\Cache\Home\9f83bb7ec18dacd0331d9a05dd121bd6.php 第 48 行.
NOTIC: [8] Use of undefined constant chapter - assumed 'chapter' D:\xampp\htdocs\Xitong\Application\Runtime\Cache\Home\9f83bb7ec18dacd0331d9a05dd121bd6.php 第 52 行.
NOTIC: [8] Use of undefined constant page - assumed 'page' D:\xampp\htdocs\Xitong\Application\Runtime\Cache\Home\9f83bb7ec18dacd0331d9a05dd121bd6.php 第 56 行.
NOTIC: [8] Use of undefined constant note - assumed 'note' D:\xampp\htdocs\Xitong\Application\Runtime\Cache\Home\9f83bb7ec18dacd0331d9a05dd121bd6.php 第 60 行.
NOTIC: [8] Use of undefined constant photo - assumed 'photo' D:\xampp\htdocs\Xitong\Application\Runtime\Cache\Home\9f83bb7ec18dacd0331d9a05dd121bd6.php 第 68 行.
INFO: Run Behavior\ParseTemplateBehavior [ RunTime:0.009000s ]
INFO: [ view_parse ] --END-- [ RunTime:0.009000s ]
INFO: [ view_filter ] --START--
INFO: Run Behavior\WriteHtmlCacheBehavior [ RunTime:0.002001s ]
INFO: [ view_filter ] --END-- [ RunTime:0.002001s ]
INFO: [ app_end ] --START--
INFO: Run Behavior\ShowPageTraceBehavior [ RunTime:0.001000s ]
INFO: [ app_end ] --END-- [ RunTime:0.002000s ]

[ 2015-06-22T17:00:39+08:00 ] ::1 /Xitong/index.php/Home/Notes/editNote/noteId/8)
INFO: [ app_init ] --START--
INFO: Run Behavior\BuildLiteBehavior [ RunTime:0.000000s ]
INFO: [ app_init ] --END-- [ RunTime:0.001000s ]
INFO: [ app_begin ] --START--
INFO: Run Behavior\ReadHtmlCacheBehavior [ RunTime:0.001000s ]
INFO: [ app_begin ] --END-- [ RunTime:0.001000s ]
SQL: SHOW COLUMNS FROM `notes` [ RunTime:0.0030s ]
SQL: SELECT * FROM `notes` WHERE ( id = '8)' ) LIMIT 1   [ RunTime:0.0000s ]
NOTIC: [4096] Object of class Home\Controller\NotesController could not be converted to string D:\xampp\htdocs\Xitong\Application\Home\Controller\NotesController.class.php 第 196 行.
INFO: [ view_parse ] --START--
INFO: [ template_filter ] --START--
INFO: Run Behavior\ContentReplaceBehavior [ RunTime:0.000000s ]
INFO: [ template_filter ] --END-- [ RunTime:0.001000s ]
NOTIC: [8] Use of undefined constant id - assumed 'id' D:\xampp\htdocs\Xitong\Application\Runtime\Cache\Home\9f83bb7ec18dacd0331d9a05dd121bd6.php 第 48 行.
NOTIC: [8] Use of undefined constant chapter - assumed 'chapter' D:\xampp\htdocs\Xitong\Application\Runtime\Cache\Home\9f83bb7ec18dacd0331d9a05dd121bd6.php 第 52 行.
NOTIC: [8] Use of undefined constant page - assumed 'page' D:\xampp\htdocs\Xitong\Application\Runtime\Cache\Home\9f83bb7ec18dacd0331d9a05dd121bd6.php 第 56 行.
NOTIC: [8] Use of undefined constant note - assumed 'note' D:\xampp\htdocs\Xitong\Application\Runtime\Cache\Home\9f83bb7ec18dacd0331d9a05dd121bd6.php 第 60 行.
NOTIC: [8] Use of undefined constant photo - assumed 'photo' D:\xampp\htdocs\Xitong\Application\Runtime\Cache\Home\9f83bb7ec18dacd0331d9a05dd121bd6.php 第 68 行.
INFO: Run Behavior\ParseTemplateBehavior [ RunTime:0.009000s ]
INFO: [ view_parse ] --END-- [ RunTime:0.009000s ]
INFO: [ view_filter ] --START--
INFO: Run Behavior\WriteHtmlCacheBehavior [ RunTime:0.001000s ]
INFO: [ view_filter ] --END-- [ RunTime:0.001000s ]
INFO: [ app_end ] --START--
INFO: Run Behavior\ShowPageTraceBehavior [ RunTime:0.001000s ]
INFO: [ app_end ] --END-- [ RunTime:0.001000s ]

[ 2015-06-22T17:00:53+08:00 ] ::1 /Xitong/index.php/Home/Notes/editNote/noteId/8)
INFO: [ app_init ] --START--
INFO: Run Behavior\BuildLiteBehavior [ RunTime:0.000000s ]
INFO: [ app_init ] --END-- [ RunTime:0.001001s ]
INFO: [ app_begin ] --START--
INFO: Run Behavior\ReadHtmlCacheBehavior [ RunTime:0.001000s ]
INFO: [ app_begin ] --END-- [ RunTime:0.001000s ]
SQL: SHOW COLUMNS FROM `notes` [ RunTime:0.0030s ]
SQL: SELECT * FROM `notes` WHERE ( id = '8)' ) LIMIT 1   [ RunTime:0.0000s ]
NOTIC: [4096] Object of class Home\Controller\NotesController could not be converted to string D:\xampp\htdocs\Xitong\Application\Home\Controller\NotesController.class.php 第 196 行.
INFO: [ view_parse ] --START--
INFO: [ template_filter ] --START--
INFO: Run Behavior\ContentReplaceBehavior [ RunTime:0.000000s ]
INFO: [ template_filter ] --END-- [ RunTime:0.000000s ]
NOTIC: [8] Use of undefined constant id - assumed 'id' D:\xampp\htdocs\Xitong\Application\Runtime\Cache\Home\9f83bb7ec18dacd0331d9a05dd121bd6.php 第 48 行.
NOTIC: [8] Use of undefined constant chapter - assumed 'chapter' D:\xampp\htdocs\Xitong\Application\Runtime\Cache\Home\9f83bb7ec18dacd0331d9a05dd121bd6.php 第 52 行.
NOTIC: [8] Use of undefined constant page - assumed 'page' D:\xampp\htdocs\Xitong\Application\Runtime\Cache\Home\9f83bb7ec18dacd0331d9a05dd121bd6.php 第 56 行.
NOTIC: [8] Use of undefined constant note - assumed 'note' D:\xampp\htdocs\Xitong\Application\Runtime\Cache\Home\9f83bb7ec18dacd0331d9a05dd121bd6.php 第 60 行.
NOTIC: [8] Use of undefined constant photo - assumed 'photo' D:\xampp\htdocs\Xitong\Application\Runtime\Cache\Home\9f83bb7ec18dacd0331d9a05dd121bd6.php 第 68 行.
INFO: Run Behavior\ParseTemplateBehavior [ RunTime:0.007000s ]
INFO: [ view_parse ] --END-- [ RunTime:0.007000s ]
INFO: [ view_filter ] --START--
INFO: Run Behavior\WriteHtmlCacheBehavior [ RunTime:0.001000s ]
INFO: [ view_filter ] --END-- [ RunTime:0.001000s ]
INFO: [ app_end ] --START--
INFO: Run Behavior\ShowPageTraceBehavior [ RunTime:0.001000s ]
INFO: [ app_end ] --END-- [ RunTime:0.001000s ]

[ 2015-06-22T17:09:26+08:00 ] ::1 /Xitong/index.php/Home/Notes/editNote/noteId/8)
INFO: [ app_init ] --START--
INFO: Run Behavior\BuildLiteBehavior [ RunTime:0.000000s ]
INFO: [ app_init ] --END-- [ RunTime:0.001000s ]
INFO: [ app_begin ] --START--
INFO: Run Behavior\ReadHtmlCacheBehavior [ RunTime:0.001000s ]
INFO: [ app_begin ] --END-- [ RunTime:0.001000s ]
SQL: SHOW COLUMNS FROM `notes` [ RunTime:0.0020s ]
SQL: SELECT * FROM `notes` WHERE ( id = '8)' ) LIMIT 1   [ RunTime:0.0000s ]
NOTIC: [4096] Object of class Home\Controller\NotesController could not be converted to string D:\xampp\htdocs\Xitong\Application\Home\Controller\NotesController.class.php 第 202 行.
INFO: [ view_parse ] --START--
INFO: [ template_filter ] --START--
INFO: Run Behavior\ContentReplaceBehavior [ RunTime:0.000000s ]
INFO: [ template_filter ] --END-- [ RunTime:0.000000s ]
NOTIC: [8] Use of undefined constant id - assumed 'id' D:\xampp\htdocs\Xitong\Application\Runtime\Cache\Home\9f83bb7ec18dacd0331d9a05dd121bd6.php 第 50 行.
NOTIC: [8] Use of undefined constant chapter - assumed 'chapter' D:\xampp\htdocs\Xitong\Application\Runtime\Cache\Home\9f83bb7ec18dacd0331d9a05dd121bd6.php 第 54 行.
NOTIC: [8] Use of undefined constant page - assumed 'page' D:\xampp\htdocs\Xitong\Application\Runtime\Cache\Home\9f83bb7ec18dacd0331d9a05dd121bd6.php 第 58 行.
NOTIC: [8] Use of undefined constant note - assumed 'note' D:\xampp\htdocs\Xitong\Application\Runtime\Cache\Home\9f83bb7ec18dacd0331d9a05dd121bd6.php 第 62 行.
NOTIC: [8] Use of undefined constant photo - assumed 'photo' D:\xampp\htdocs\Xitong\Application\Runtime\Cache\Home\9f83bb7ec18dacd0331d9a05dd121bd6.php 第 70 行.
INFO: Run Behavior\ParseTemplateBehavior [ RunTime:0.007000s ]
INFO: [ view_parse ] --END-- [ RunTime:0.007000s ]
INFO: [ view_filter ] --START--
INFO: Run Behavior\WriteHtmlCacheBehavior [ RunTime:0.001000s ]
INFO: [ view_filter ] --END-- [ RunTime:0.001000s ]
INFO: [ app_end ] --START--
INFO: Run Behavior\ShowPageTraceBehavior [ RunTime:0.001000s ]
INFO: [ app_end ] --END-- [ RunTime:0.001000s ]

[ 2015-06-22T17:09:33+08:00 ] ::1 /Xitong/index.php/Home/Notes/myAllNotes
INFO: [ app_init ] --START--
INFO: Run Behavior\BuildLiteBehavior [ RunTime:0.001000s ]
INFO: [ app_init ] --END-- [ RunTime:0.001000s ]
INFO: [ app_begin ] --START--
INFO: Run Behavior\ReadHtmlCacheBehavior [ RunTime:0.001000s ]
INFO: [ app_begin ] --END-- [ RunTime:0.001000s ]
SQL: SHOW COLUMNS FROM `books` [ RunTime:0.0280s ]
NOTIC: [8] Undefined variable: bookId D:\xampp\htdocs\Xitong\Application\Home\Controller\NotesController.class.php 第 98 行.
SQL: SELECT * FROM `books` LIMIT 1   [ RunTime:0.0000s ]
SQL: SHOW COLUMNS FROM `notes` [ RunTime:0.0030s ]
SQL: SELECT * FROM `notes` WHERE ( username = '1' ) ORDER BY create_time desc  [ RunTime:0.0000s ]
NOTIC: [4096] Object of class Home\Controller\NotesController could not be converted to string D:\xampp\htdocs\Xitong\Application\Home\Controller\NotesController.class.php 第 108 行.
INFO: [ view_parse ] --START--
INFO: [ template_filter ] --START--
INFO: Run Behavior\ContentReplaceBehavior [ RunTime:0.000000s ]
INFO: [ template_filter ] --END-- [ RunTime:0.000000s ]
NOTIC: [8] Use of undefined constant chapter - assumed 'chapter' D:\xampp\htdocs\Xitong\Application\Runtime\Cache\Home\66df3497a54bbfaddee9a9e3517449ae.php 第 52 行.
NOTIC: [8] Use of undefined constant page - assumed 'page' D:\xampp\htdocs\Xitong\Application\Runtime\Cache\Home\66df3497a54bbfaddee9a9e3517449ae.php 第 53 行.
NOTIC: [8] Use of undefined constant note - assumed 'note' D:\xampp\htdocs\Xitong\Application\Runtime\Cache\Home\66df3497a54bbfaddee9a9e3517449ae.php 第 56 行.
NOTIC: [8] Use of undefined constant photo - assumed 'photo' D:\xampp\htdocs\Xitong\Application\Runtime\Cache\Home\66df3497a54bbfaddee9a9e3517449ae.php 第 57 行.
NOTIC: [8] Use of undefined constant create_time - assumed 'create_time' D:\xampp\htdocs\Xitong\Application\Runtime\Cache\Home\66df3497a54bbfaddee9a9e3517449ae.php 第 58 行.
NOTIC: [8] Use of undefined constant id - assumed 'id' D:\xampp\htdocs\Xitong\Application\Runtime\Cache\Home\66df3497a54bbfaddee9a9e3517449ae.php 第 59 行.
NOTIC: [8] Use of undefined constant chapter - assumed 'chapter' D:\xampp\htdocs\Xitong\Application\Runtime\Cache\Home\66df3497a54bbfaddee9a9e3517449ae.php 第 52 行.
NOTIC: [8] Use of undefined constant page - assumed 'page' D:\xampp\htdocs\Xitong\Application\Runtime\Cache\Home\66df3497a54bbfaddee9a9e3517449ae.php 第 53 行.
NOTIC: [8] Use of undefined constant note - assumed 'note' D:\xampp\htdocs\Xitong\Application\Runtime\Cache\Home\66df3497a54bbfaddee9a9e3517449ae.php 第 56 行.
NOTIC: [8] Use of undefined constant photo - assumed 'photo' D:\xampp\htdocs\Xitong\Application\Runtime\Cache\Home\66df3497a54bbfaddee9a9e3517449ae.php 第 57 行.
NOTIC: [8] Use of undefined constant create_time - assumed 'create_time' D:\xampp\htdocs\Xitong\Application\Runtime\Cache\Home\66df3497a54bbfaddee9a9e3517449ae.php 第 58 行.
NOTIC: [8] Use of undefined constant id - assumed 'id' D:\xampp\htdocs\Xitong\Application\Runtime\Cache\Home\66df3497a54bbfaddee9a9e3517449ae.php 第 59 行.
NOTIC: [8] Use of undefined constant chapter - assumed 'chapter' D:\xampp\htdocs\Xitong\Application\Runtime\Cache\Home\66df3497a54bbfaddee9a9e3517449ae.php 第 52 行.
NOTIC: [8] Use of undefined constant page - assumed 'page' D:\xampp\htdocs\Xitong\Application\Runtime\Cache\Home\66df3497a54bbfaddee9a9e3517449ae.php 第 53 行.
NOTIC: [8] Use of undefined constant note - assumed 'note' D:\xampp\htdocs\Xitong\Application\Runtime\Cache\Home\66df3497a54bbfaddee9a9e3517449ae.php 第 56 行.
NOTIC: [8] Use of undefined constant photo - assumed 'photo' D:\xampp\htdocs\Xitong\Application\Runtime\Cache\Home\66df3497a54bbfaddee9a9e3517449ae.php 第 57 行.
NOTIC: [8] Use of undefined constant photo - assumed 'photo' D:\xampp\htdocs\Xitong\Application\Runtime\Cache\Home\66df3497a54bbfaddee9a9e3517449ae.php 第 57 行.
NOTIC: [8] Use of undefined constant photo - assumed 'photo' D:\xampp\htdocs\Xitong\Application\Runtime\Cache\Home\66df3497a54bbfaddee9a9e3517449ae.php 第 57 行.
NOTIC: [8] Use of undefined constant create_time - assumed 'create_time' D:\xampp\htdocs\Xitong\Application\Runtime\Cache\Home\66df3497a54bbfaddee9a9e3517449ae.php 第 58 行.
NOTIC: [8] Use of undefined constant id - assumed 'id' D:\xampp\htdocs\Xitong\Application\Runtime\Cache\Home\66df3497a54bbfaddee9a9e3517449ae.php 第 59 行.
NOTIC: [8] Use of undefined constant chapter - assumed 'chapter' D:\xampp\htdocs\Xitong\Application\Runtime\Cache\Home\66df3497a54bbfaddee9a9e3517449ae.php 第 52 行.
NOTIC: [8] Use of undefined constant page - assumed 'page' D:\xampp\htdocs\Xitong\Application\Runtime\Cache\Home\66df3497a54bbfaddee9a9e3517449ae.php 第 53 行.
NOTIC: [8] Use of undefined constant note - assumed 'note' D:\xampp\htdocs\Xitong\Application\Runtime\Cache\Home\66df3497a54bbfaddee9a9e3517449ae.php 第 56 行.
NOTIC: [8] Use of undefined constant photo - assumed 'photo' D:\xampp\htdocs\Xitong\Application\Runtime\Cache\Home\66df3497a54bbfaddee9a9e3517449ae.php 第 57 行.
NOTIC: [8] Use of undefined constant create_time - assumed 'create_time' D:\xampp\htdocs\Xitong\Application\Runtime\Cache\Home\66df3497a54bbfaddee9a9e3517449ae.php 第 58 行.
NOTIC: [8] Use of undefined constant id - assumed 'id' D:\xampp\htdocs\Xitong\Application\Runtime\Cache\Home\66df3497a54bbfaddee9a9e3517449ae.php 第 59 行.
NOTIC: [8] Use of undefined constant chapter - assumed 'chapter' D:\xampp\htdocs\Xitong\Application\Runtime\Cache\Home\66df3497a54bbfaddee9a9e3517449ae.php 第 52 行.
NOTIC: [8] Use of undefined constant page - assumed 'page' D:\xampp\htdocs\Xitong\Application\Runtime\Cache\Home\66df3497a54bbfaddee9a9e3517449ae.php 第 53 行.
NOTIC: [8] Use of undefined constant note - assumed 'note' D:\xampp\htdocs\Xitong\Application\Runtime\Cache\Home\66df3497a54bbfaddee9a9e3517449ae.php 第 56 行.
NOTIC: [8] Use of undefined constant photo - assumed 'photo' D:\xampp\htdocs\Xitong\Application\Runtime\Cache\Home\66df3497a54bbfaddee9a9e3517449ae.php 第 57 行.
NOTIC: [8] Use of undefined constant photo - assumed 'photo' D:\xampp\htdocs\Xitong\Application\Runtime\Cache\Home\66df3497a54bbfaddee9a9e3517449ae.php 第 57 行.
NOTIC: [8] Use of undefined constant photo - assumed 'photo' D:\xampp\htdocs\Xitong\Application\Runtime\Cache\Home\66df3497a54bbfaddee9a9e3517449ae.php 第 57 行.
NOTIC: [8] Use of undefined constant create_time - assumed 'create_time' D:\xampp\htdocs\Xitong\Application\Runtime\Cache\Home\66df3497a54bbfaddee9a9e3517449ae.php 第 58 行.
NOTIC: [8] Use of undefined constant id - assumed 'id' D:\xampp\htdocs\Xitong\Application\Runtime\Cache\Home\66df3497a54bbfaddee9a9e3517449ae.php 第 59 行.
NOTIC: [8] Use of undefined constant chapter - assumed 'chapter' D:\xampp\htdocs\Xitong\Application\Runtime\Cache\Home\66df3497a54bbfaddee9a9e3517449ae.php 第 52 行.
NOTIC: [8] Use of undefined constant page - assumed 'page' D:\xampp\htdocs\Xitong\Application\Runtime\Cache\Home\66df3497a54bbfaddee9a9e3517449ae.php 第 53 行.
NOTIC: [8] Use of undefined constant note - assumed 'note' D:\xampp\htdocs\Xitong\Application\Runtime\Cache\Home\66df3497a54bbfaddee9a9e3517449ae.php 第 56 行.
NOTIC: [8] Use of undefined constant photo - assumed 'photo' D:\xampp\htdocs\Xitong\Application\Runtime\Cache\Home\66df3497a54bbfaddee9a9e3517449ae.php 第 57 行.
NOTIC: [8] Use of undefined constant photo - assumed 'photo' D:\xampp\htdocs\Xitong\Application\Runtime\Cache\Home\66df3497a54bbfaddee9a9e3517449ae.php 第 57 行.
NOTIC: [8] Use of undefined constant photo - assumed 'photo' D:\xampp\htdocs\Xitong\Application\Runtime\Cache\Home\66df3497a54bbfaddee9a9e3517449ae.php 第 57 行.
NOTIC: [8] Use of undefined constant create_time - assumed 'create_time' D:\xampp\htdocs\Xitong\Application\Runtime\Cache\Home\66df3497a54bbfaddee9a9e3517449ae.php 第 58 行.
NOTIC: [8] Use of undefined constant id - assumed 'id' D:\xampp\htdocs\Xitong\Application\Runtime\Cache\Home\66df3497a54bbfaddee9a9e3517449ae.php 第 59 行.
NOTIC: [8] Use of undefined constant chapter - assumed 'chapter' D:\xampp\htdocs\Xitong\Application\Runtime\Cache\Home\66df3497a54bbfaddee9a9e3517449ae.php 第 52 行.
NOTIC: [8] Use of undefined constant page - assumed 'page' D:\xampp\htdocs\Xitong\Application\Runtime\Cache\Home\66df3497a54bbfaddee9a9e3517449ae.php 第 53 行.
NOTIC: [8] Use of undefined constant note - assumed 'note' D:\xampp\htdocs\Xitong\Application\Runtime\Cache\Home\66df3497a54bbfaddee9a9e3517449ae.php 第 56 行.
NOTIC: [8] Use of undefined constant photo - assumed 'photo' D:\xampp\htdocs\Xitong\Application\Runtime\Cache\Home\66df3497a54bbfaddee9a9e3517449ae.php 第 57 行.
NOTIC: [8] Use of undefined constant photo - assumed 'photo' D:\xampp\htdocs\Xitong\Application\Runtime\Cache\Home\66df3497a54bbfaddee9a9e3517449ae.php 第 57 行.
NOTIC: [8] Use of undefined constant photo - assumed 'photo' D:\xampp\htdocs\Xitong\Application\Runtime\Cache\Home\66df3497a54bbfaddee9a9e3517449ae.php 第 57 行.
NOTIC: [8] Use of undefined constant create_time - assumed 'create_time' D:\xampp\htdocs\Xitong\Application\Runtime\Cache\Home\66df3497a54bbfaddee9a9e3517449ae.php 第 58 行.
NOTIC: [8] Use of undefined constant id - assumed 'id' D:\xampp\htdocs\Xitong\Application\Runtime\Cache\Home\66df3497a54bbfaddee9a9e3517449ae.php 第 59 行.
NOTIC: [8] Use of undefined constant chapter - assumed 'chapter' D:\xampp\htdocs\Xitong\Application\Runtime\Cache\Home\66df3497a54bbfaddee9a9e3517449ae.php 第 52 行.
NOTIC: [8] Use of undefined constant page - assumed 'page' D:\xampp\htdocs\Xitong\Application\Runtime\Cache\Home\66df3497a54bbfaddee9a9e3517449ae.php 第 53 行.
NOTIC: [8] Use of undefined constant note - assumed 'note' D:\xampp\htdocs\Xitong\Application\Runtime\Cache\Home\66df3497a54bbfaddee9a9e3517449ae.php 第 56 行.
NOTIC: [8] Use of undefined constant photo - assumed 'photo' D:\xampp\htdocs\Xitong\Application\Runtime\Cache\Home\66df3497a54bbfaddee9a9e3517449ae.php 第 57 行.
NOTIC: [8] Use of undefined constant photo - assumed 'photo' D:\xampp\htdocs\Xitong\Application\Runtime\Cache\Home\66df3497a54bbfaddee9a9e3517449ae.php 第 57 行.
NOTIC: [8] Use of undefined constant photo - assumed 'photo' D:\xampp\htdocs\Xitong\Application\Runtime\Cache\Home\66df3497a54bbfaddee9a9e3517449ae.php 第 57 行.
NOTIC: [8] Use of undefined constant create_time - assumed 'create_time' D:\xampp\htdocs\Xitong\Application\Runtime\Cache\Home\66df3497a54bbfaddee9a9e3517449ae.php 第 58 行.
NOTIC: [8] Use of undefined constant id - assumed 'id' D:\xampp\htdocs\Xitong\Application\Runtime\Cache\Home\66df3497a54bbfaddee9a9e3517449ae.php 第 59 行.
INFO: Run Behavior\ParseTemplateBehavior [ RunTime:0.009000s ]
INFO: [ view_parse ] --END-- [ RunTime:0.010000s ]
INFO: [ view_filter ] --START--
INFO: Run Behavior\WriteHtmlCacheBehavior [ RunTime:0.000000s ]
INFO: [ view_filter ] --END-- [ RunTime:0.000000s ]
INFO: [ app_end ] --START--
INFO: Run Behavior\ShowPageTraceBehavior [ RunTime:0.001000s ]
INFO: [ app_end ] --END-- [ RunTime:0.001000s ]

[ 2015-06-22T17:09:36+08:00 ] ::1 /Xitong/index.php/Home/Notes/editNote/noteId/8
INFO: [ app_init ] --START--
INFO: Run Behavior\BuildLiteBehavior [ RunTime:0.000000s ]
INFO: [ app_init ] --END-- [ RunTime:0.001000s ]
INFO: [ app_begin ] --START--
INFO: Run Behavior\ReadHtmlCacheBehavior [ RunTime:0.001000s ]
INFO: [ app_begin ] --END-- [ RunTime:0.001000s ]
SQL: SHOW COLUMNS FROM `notes` [ RunTime:0.0090s ]
SQL: SELECT * FROM `notes` WHERE ( id = '8' ) LIMIT 1   [ RunTime:0.0020s ]
NOTIC: [4096] Object of class Home\Controller\NotesController could not be converted to string D:\xampp\htdocs\Xitong\Application\Home\Controller\NotesController.class.php 第 202 行.
INFO: [ view_parse ] --START--
INFO: [ template_filter ] --START--
INFO: Run Behavior\ContentReplaceBehavior [ RunTime:0.000000s ]
INFO: [ template_filter ] --END-- [ RunTime:0.000000s ]
NOTIC: [8] Use of undefined constant id - assumed 'id' D:\xampp\htdocs\Xitong\Application\Runtime\Cache\Home\9f83bb7ec18dacd0331d9a05dd121bd6.php 第 50 行.
NOTIC: [8] Use of undefined constant chapter - assumed 'chapter' D:\xampp\htdocs\Xitong\Application\Runtime\Cache\Home\9f83bb7ec18dacd0331d9a05dd121bd6.php 第 54 行.
NOTIC: [8] Use of undefined constant page - assumed 'page' D:\xampp\htdocs\Xitong\Application\Runtime\Cache\Home\9f83bb7ec18dacd0331d9a05dd121bd6.php 第 58 行.
NOTIC: [8] Use of undefined constant note - assumed 'note' D:\xampp\htdocs\Xitong\Application\Runtime\Cache\Home\9f83bb7ec18dacd0331d9a05dd121bd6.php 第 62 行.
NOTIC: [8] Use of undefined constant photo - assumed 'photo' D:\xampp\htdocs\Xitong\Application\Runtime\Cache\Home\9f83bb7ec18dacd0331d9a05dd121bd6.php 第 70 行.
INFO: Run Behavior\ParseTemplateBehavior [ RunTime:0.020002s ]
INFO: [ view_parse ] --END-- [ RunTime:0.020002s ]
INFO: [ view_filter ] --START--
INFO: Run Behavior\WriteHtmlCacheBehavior [ RunTime:0.000000s ]
INFO: [ view_filter ] --END-- [ RunTime:0.000000s ]
INFO: [ app_end ] --START--
INFO: Run Behavior\ShowPageTraceBehavior [ RunTime:0.001000s ]
INFO: [ app_end ] --END-- [ RunTime:0.001000s ]

